SQLSTATE[42S02]: Base table or view not found: 1146 Table 'a0644240_grola.settings' doesn't exist
#0 /home/a0644240/domains/grola-admin.potok4.ru/public_html/app/Db.php(187): PDO->prepare('SELECT * FROM s...')
#1 /home/a0644240/domains/grola-admin.potok4.ru/public_html/app/Model.php(158): app\Db->query('SELECT * FROM s...', Array, 'app\\Models\\Sett...')
#2 /home/a0644240/domains/grola-admin.potok4.ru/public_html/app/View.php(56): app\Model::findById(1)
#3 /home/a0644240/domains/grola-admin.potok4.ru/public_html/app/View.php(25): app\View->getCachedSettings()
#4 /home/a0644240/domains/grola-admin.potok4.ru/public_html/app/Controller.php(11): app\View->__construct()
#5 /home/a0644240/domains/grola-admin.potok4.ru/public_html/app/Router.php(54): app\Controller->__construct()
#6 /home/a0644240/domains/grola-admin.potok4.ru/public_html/index.php(248): app\Router->run()
#7 {main}

SQLSTATE[42S02]: Base table or view not found: 1146 Table 'a0644240_grola.settings' doesn't exist
#0 /home/a0644240/domains/grola-admin.potok4.ru/public_html/app/Db.php(187): PDO->prepare('SELECT * FROM s...')
#1 /home/a0644240/domains/grola-admin.potok4.ru/public_html/app/Model.php(158): app\Db->query('SELECT * FROM s...', Array, 'app\\Models\\Sett...')
#2 /home/a0644240/domains/grola-admin.potok4.ru/public_html/app/View.php(56): app\Model::findById(1)
#3 /home/a0644240/domains/grola-admin.potok4.ru/public_html/app/View.php(25): app\View->getCachedSettings()
#4 /home/a0644240/domains/grola-admin.potok4.ru/public_html/app/Controller.php(11): app\View->__construct()
#5 /home/a0644240/domains/grola-admin.potok4.ru/public_html/app/Router.php(54): app\Controller->__construct()
#6 /home/a0644240/domains/grola-admin.potok4.ru/public_html/index.php(248): app\Router->run()
#7 {main}

SQLSTATE[42S02]: Base table or view not found: 1146 Table 'a0644240_grola.settings' doesn't exist
#0 /home/a0644240/domains/grola-admin.potok4.ru/public_html/app/Db.php(187): PDO->prepare('SELECT * FROM s...')
#1 /home/a0644240/domains/grola-admin.potok4.ru/public_html/app/Model.php(158): app\Db->query('SELECT * FROM s...', Array, 'app\\Models\\Sett...')
#2 /home/a0644240/domains/grola-admin.potok4.ru/public_html/app/View.php(56): app\Model::findById(1)
#3 /home/a0644240/domains/grola-admin.potok4.ru/public_html/app/View.php(25): app\View->getCachedSettings()
#4 /home/a0644240/domains/grola-admin.potok4.ru/public_html/app/Controller.php(11): app\View->__construct()
#5 /home/a0644240/domains/grola-admin.potok4.ru/public_html/app/Router.php(54): app\Controller->__construct()
#6 /home/a0644240/domains/grola-admin.potok4.ru/public_html/index.php(248): app\Router->run()
#7 {main}

SQLSTATE[42S02]: Base table or view not found: 1146 Table 'a0644240_grola.settings' doesn't exist
#0 /home/a0644240/domains/grola-admin.potok4.ru/public_html/app/Db.php(187): PDO->prepare('SELECT * FROM s...')
#1 /home/a0644240/domains/grola-admin.potok4.ru/public_html/app/Model.php(158): app\Db->query('SELECT * FROM s...', Array, 'app\\Models\\Sett...')
#2 /home/a0644240/domains/grola-admin.potok4.ru/public_html/app/View.php(56): app\Model::findById(1)
#3 /home/a0644240/domains/grola-admin.potok4.ru/public_html/app/View.php(25): app\View->getCachedSettings()
#4 /home/a0644240/domains/grola-admin.potok4.ru/public_html/app/Controller.php(11): app\View->__construct()
#5 /home/a0644240/domains/grola-admin.potok4.ru/public_html/app/Router.php(54): app\Controller->__construct()
#6 /home/a0644240/domains/grola-admin.potok4.ru/public_html/index.php(248): app\Router->run()
#7 {main}

SQLSTATE[42S02]: Base table or view not found: 1146 Table 'a0644240_grola.settings' doesn't exist
#0 /home/a0644240/domains/grola-admin.potok4.ru/public_html/app/Db.php(187): PDO->prepare('SELECT * FROM s...')
#1 /home/a0644240/domains/grola-admin.potok4.ru/public_html/app/Model.php(158): app\Db->query('SELECT * FROM s...', Array, 'app\\Models\\Sett...')
#2 /home/a0644240/domains/grola-admin.potok4.ru/public_html/app/View.php(56): app\Model::findById(1)
#3 /home/a0644240/domains/grola-admin.potok4.ru/public_html/app/View.php(25): app\View->getCachedSettings()
#4 /home/a0644240/domains/grola-admin.potok4.ru/public_html/app/Controller.php(11): app\View->__construct()
#5 /home/a0644240/domains/grola-admin.potok4.ru/public_html/app/Router.php(54): app\Controller->__construct()
#6 /home/a0644240/domains/grola-admin.potok4.ru/public_html/index.php(248): app\Router->run()
#7 {main}

SQLSTATE[42S02]: Base table or view not found: 1146 Table 'a0644240_grola.settings' doesn't exist
#0 /home/a0644240/domains/grola-admin.potok4.ru/public_html/app/Db.php(187): PDO->prepare('SELECT * FROM s...')
#1 /home/a0644240/domains/grola-admin.potok4.ru/public_html/app/Model.php(158): app\Db->query('SELECT * FROM s...', Array, 'app\\Models\\Sett...')
#2 /home/a0644240/domains/grola-admin.potok4.ru/public_html/app/View.php(56): app\Model::findById(1)
#3 /home/a0644240/domains/grola-admin.potok4.ru/public_html/app/View.php(25): app\View->getCachedSettings()
#4 /home/a0644240/domains/grola-admin.potok4.ru/public_html/app/Controller.php(11): app\View->__construct()
#5 /home/a0644240/domains/grola-admin.potok4.ru/public_html/app/Router.php(54): app\Controller->__construct()
#6 /home/a0644240/domains/grola-admin.potok4.ru/public_html/index.php(248): app\Router->run()
#7 {main}

SQLSTATE[42S02]: Base table or view not found: 1146 Table 'a0644240_grola.settings' doesn't exist
#0 /home/a0644240/domains/grola-admin.potok4.ru/public_html/app/Db.php(187): PDO->prepare('SELECT * FROM s...')
#1 /home/a0644240/domains/grola-admin.potok4.ru/public_html/app/Model.php(158): app\Db->query('SELECT * FROM s...', Array, 'app\\Models\\Sett...')
#2 /home/a0644240/domains/grola-admin.potok4.ru/public_html/app/View.php(56): app\Model::findById(1)
#3 /home/a0644240/domains/grola-admin.potok4.ru/public_html/app/View.php(25): app\View->getCachedSettings()
#4 /home/a0644240/domains/grola-admin.potok4.ru/public_html/app/Controller.php(11): app\View->__construct()
#5 /home/a0644240/domains/grola-admin.potok4.ru/public_html/app/Router.php(54): app\Controller->__construct()
#6 /home/a0644240/domains/grola-admin.potok4.ru/public_html/index.php(248): app\Router->run()
#7 {main}

SQLSTATE[42S02]: Base table or view not found: 1146 Table 'a0644240_grola.settings' doesn't exist
#0 /home/a0644240/domains/grola-admin.potok4.ru/public_html/app/Db.php(187): PDO->prepare('SELECT * FROM s...')
#1 /home/a0644240/domains/grola-admin.potok4.ru/public_html/app/Model.php(158): app\Db->query('SELECT * FROM s...', Array, 'app\\Models\\Sett...')
#2 /home/a0644240/domains/grola-admin.potok4.ru/public_html/app/View.php(56): app\Model::findById(1)
#3 /home/a0644240/domains/grola-admin.potok4.ru/public_html/app/View.php(25): app\View->getCachedSettings()
#4 /home/a0644240/domains/grola-admin.potok4.ru/public_html/app/Controller.php(11): app\View->__construct()
#5 /home/a0644240/domains/grola-admin.potok4.ru/public_html/app/Router.php(54): app\Controller->__construct()
#6 /home/a0644240/domains/grola-admin.potok4.ru/public_html/index.php(248): app\Router->run()
#7 {main}

SQLSTATE[42S02]: Base table or view not found: 1146 Table 'a0644240_grola.settings' doesn't exist
#0 /home/a0644240/domains/grola-admin.potok4.ru/public_html/app/Db.php(187): PDO->prepare('SELECT * FROM s...')
#1 /home/a0644240/domains/grola-admin.potok4.ru/public_html/app/Model.php(158): app\Db->query('SELECT * FROM s...', Array, 'app\\Models\\Sett...')
#2 /home/a0644240/domains/grola-admin.potok4.ru/public_html/app/View.php(56): app\Model::findById(1)
#3 /home/a0644240/domains/grola-admin.potok4.ru/public_html/app/View.php(25): app\View->getCachedSettings()
#4 /home/a0644240/domains/grola-admin.potok4.ru/public_html/app/Controller.php(11): app\View->__construct()
#5 /home/a0644240/domains/grola-admin.potok4.ru/public_html/app/Router.php(54): app\Controller->__construct()
#6 /home/a0644240/domains/grola-admin.potok4.ru/public_html/index.php(248): app\Router->run()
#7 {main}

SQLSTATE[42S02]: Base table or view not found: 1146 Table 'a0644240_grola.settings' doesn't exist
#0 /home/a0644240/domains/grola-admin.potok4.ru/public_html/app/Db.php(187): PDO->prepare('SELECT * FROM s...')
#1 /home/a0644240/domains/grola-admin.potok4.ru/public_html/app/Model.php(158): app\Db->query('SELECT * FROM s...', Array, 'app\\Models\\Sett...')
#2 /home/a0644240/domains/grola-admin.potok4.ru/public_html/app/View.php(56): app\Model::findById(1)
#3 /home/a0644240/domains/grola-admin.potok4.ru/public_html/app/View.php(25): app\View->getCachedSettings()
#4 /home/a0644240/domains/grola-admin.potok4.ru/public_html/app/Controller.php(11): app\View->__construct()
#5 /home/a0644240/domains/grola-admin.potok4.ru/public_html/app/Router.php(54): app\Controller->__construct()
#6 /home/a0644240/domains/grola-admin.potok4.ru/public_html/index.php(248): app\Router->run()
#7 {main}

SQLSTATE[42S02]: Base table or view not found: 1146 Table 'a0644240_grola.settings' doesn't exist
#0 /home/a0644240/domains/grola-admin.potok4.ru/public_html/app/Db.php(187): PDO->prepare('SELECT * FROM s...')
#1 /home/a0644240/domains/grola-admin.potok4.ru/public_html/app/Model.php(158): app\Db->query('SELECT * FROM s...', Array, 'app\\Models\\Sett...')
#2 /home/a0644240/domains/grola-admin.potok4.ru/public_html/app/View.php(56): app\Model::findById(1)
#3 /home/a0644240/domains/grola-admin.potok4.ru/public_html/app/View.php(25): app\View->getCachedSettings()
#4 /home/a0644240/domains/grola-admin.potok4.ru/public_html/app/Controller.php(11): app\View->__construct()
#5 /home/a0644240/domains/grola-admin.potok4.ru/public_html/app/Router.php(54): app\Controller->__construct()
#6 /home/a0644240/domains/grola-admin.potok4.ru/public_html/index.php(248): app\Router->run()
#7 {main}

SQLSTATE[42S02]: Base table or view not found: 1146 Table 'a0644240_grola.settings' doesn't exist
#0 /home/a0644240/domains/grola-admin.potok4.ru/public_html/app/Db.php(187): PDO->prepare('SELECT * FROM s...')
#1 /home/a0644240/domains/grola-admin.potok4.ru/public_html/app/Model.php(158): app\Db->query('SELECT * FROM s...', Array, 'app\\Models\\Sett...')
#2 /home/a0644240/domains/grola-admin.potok4.ru/public_html/app/View.php(56): app\Model::findById(1)
#3 /home/a0644240/domains/grola-admin.potok4.ru/public_html/app/View.php(25): app\View->getCachedSettings()
#4 /home/a0644240/domains/grola-admin.potok4.ru/public_html/app/Controller.php(11): app\View->__construct()
#5 /home/a0644240/domains/grola-admin.potok4.ru/public_html/app/Router.php(54): app\Controller->__construct()
#6 /home/a0644240/domains/grola-admin.potok4.ru/public_html/index.php(248): app\Router->run()
#7 {main}

SQLSTATE[42S02]: Base table or view not found: 1146 Table 'a0644240_grola.settings' doesn't exist
#0 /home/a0644240/domains/grola-admin.potok4.ru/public_html/app/Db.php(187): PDO->prepare('SELECT * FROM s...')
#1 /home/a0644240/domains/grola-admin.potok4.ru/public_html/app/Model.php(158): app\Db->query('SELECT * FROM s...', Array, 'app\\Models\\Sett...')
#2 /home/a0644240/domains/grola-admin.potok4.ru/public_html/app/View.php(56): app\Model::findById(1)
#3 /home/a0644240/domains/grola-admin.potok4.ru/public_html/app/View.php(25): app\View->getCachedSettings()
#4 /home/a0644240/domains/grola-admin.potok4.ru/public_html/app/Controller.php(11): app\View->__construct()
#5 /home/a0644240/domains/grola-admin.potok4.ru/public_html/app/Router.php(54): app\Controller->__construct()
#6 /home/a0644240/domains/grola-admin.potok4.ru/public_html/index.php(248): app\Router->run()
#7 {main}

SQLSTATE[42S02]: Base table or view not found: 1146 Table 'a0644240_grola.settings' doesn't exist
#0 /home/a0644240/domains/grola-admin.potok4.ru/public_html/app/Db.php(187): PDO->prepare('SELECT * FROM s...')
#1 /home/a0644240/domains/grola-admin.potok4.ru/public_html/app/Model.php(158): app\Db->query('SELECT * FROM s...', Array, 'app\\Models\\Sett...')
#2 /home/a0644240/domains/grola-admin.potok4.ru/public_html/app/View.php(56): app\Model::findById(1)
#3 /home/a0644240/domains/grola-admin.potok4.ru/public_html/app/View.php(25): app\View->getCachedSettings()
#4 /home/a0644240/domains/grola-admin.potok4.ru/public_html/app/Controller.php(11): app\View->__construct()
#5 /home/a0644240/domains/grola-admin.potok4.ru/public_html/app/Router.php(54): app\Controller->__construct()
#6 /home/a0644240/domains/grola-admin.potok4.ru/public_html/index.php(248): app\Router->run()
#7 {main}

SQLSTATE[42S02]: Base table or view not found: 1146 Table 'a0644240_grola.settings' doesn't exist
#0 /home/a0644240/domains/grola-admin.potok4.ru/public_html/app/Db.php(187): PDO->prepare('SELECT * FROM s...')
#1 /home/a0644240/domains/grola-admin.potok4.ru/public_html/app/Model.php(158): app\Db->query('SELECT * FROM s...', Array, 'app\\Models\\Sett...')
#2 /home/a0644240/domains/grola-admin.potok4.ru/public_html/app/View.php(56): app\Model::findById(1)
#3 /home/a0644240/domains/grola-admin.potok4.ru/public_html/app/View.php(25): app\View->getCachedSettings()
#4 /home/a0644240/domains/grola-admin.potok4.ru/public_html/app/Controller.php(11): app\View->__construct()
#5 /home/a0644240/domains/grola-admin.potok4.ru/public_html/app/Router.php(54): app\Controller->__construct()
#6 /home/a0644240/domains/grola-admin.potok4.ru/public_html/index.php(248): app\Router->run()
#7 {main}

SQLSTATE[42S02]: Base table or view not found: 1146 Table 'a0644240_grola.settings' doesn't exist
#0 /home/a0644240/domains/grola-admin.potok4.ru/public_html/app/Db.php(187): PDO->prepare('SELECT * FROM s...')
#1 /home/a0644240/domains/grola-admin.potok4.ru/public_html/app/Model.php(158): app\Db->query('SELECT * FROM s...', Array, 'app\\Models\\Sett...')
#2 /home/a0644240/domains/grola-admin.potok4.ru/public_html/app/View.php(56): app\Model::findById(1)
#3 /home/a0644240/domains/grola-admin.potok4.ru/public_html/app/View.php(25): app\View->getCachedSettings()
#4 /home/a0644240/domains/grola-admin.potok4.ru/public_html/app/Controller.php(11): app\View->__construct()
#5 /home/a0644240/domains/grola-admin.potok4.ru/public_html/app/Router.php(54): app\Controller->__construct()
#6 /home/a0644240/domains/grola-admin.potok4.ru/public_html/index.php(248): app\Router->run()
#7 {main}

SQLSTATE[42S02]: Base table or view not found: 1146 Table 'a0644240_grola.settings' doesn't exist
#0 /home/a0644240/domains/grola-admin.potok4.ru/public_html/app/Db.php(187): PDO->prepare('SELECT * FROM s...')
#1 /home/a0644240/domains/grola-admin.potok4.ru/public_html/app/Model.php(158): app\Db->query('SELECT * FROM s...', Array, 'app\\Models\\Sett...')
#2 /home/a0644240/domains/grola-admin.potok4.ru/public_html/app/View.php(56): app\Model::findById(1)
#3 /home/a0644240/domains/grola-admin.potok4.ru/public_html/app/View.php(25): app\View->getCachedSettings()
#4 /home/a0644240/domains/grola-admin.potok4.ru/public_html/app/Controller.php(11): app\View->__construct()
#5 /home/a0644240/domains/grola-admin.potok4.ru/public_html/app/Router.php(54): app\Controller->__construct()
#6 /home/a0644240/domains/grola-admin.potok4.ru/public_html/index.php(248): app\Router->run()
#7 {main}

SQLSTATE[42S02]: Base table or view not found: 1146 Table 'a0644240_grola.settings' doesn't exist
#0 /home/a0644240/domains/grola-admin.potok4.ru/public_html/app/Db.php(187): PDO->prepare('SELECT * FROM s...')
#1 /home/a0644240/domains/grola-admin.potok4.ru/public_html/app/Model.php(158): app\Db->query('SELECT * FROM s...', Array, 'app\\Models\\Sett...')
#2 /home/a0644240/domains/grola-admin.potok4.ru/public_html/app/View.php(56): app\Model::findById(1)
#3 /home/a0644240/domains/grola-admin.potok4.ru/public_html/app/View.php(25): app\View->getCachedSettings()
#4 /home/a0644240/domains/grola-admin.potok4.ru/public_html/app/Controller.php(11): app\View->__construct()
#5 /home/a0644240/domains/grola-admin.potok4.ru/public_html/app/Router.php(54): app\Controller->__construct()
#6 /home/a0644240/domains/grola-admin.potok4.ru/public_html/index.php(248): app\Router->run()
#7 {main}

SQLSTATE[42S02]: Base table or view not found: 1146 Table 'a0644240_grola.settings' doesn't exist
#0 /home/a0644240/domains/grola-admin.potok4.ru/public_html/app/Db.php(187): PDO->prepare('SELECT * FROM s...')
#1 /home/a0644240/domains/grola-admin.potok4.ru/public_html/app/Model.php(158): app\Db->query('SELECT * FROM s...', Array, 'app\\Models\\Sett...')
#2 /home/a0644240/domains/grola-admin.potok4.ru/public_html/app/View.php(56): app\Model::findById(1)
#3 /home/a0644240/domains/grola-admin.potok4.ru/public_html/app/View.php(25): app\View->getCachedSettings()
#4 /home/a0644240/domains/grola-admin.potok4.ru/public_html/app/Controller.php(11): app\View->__construct()
#5 /home/a0644240/domains/grola-admin.potok4.ru/public_html/app/Router.php(54): app\Controller->__construct()
#6 /home/a0644240/domains/grola-admin.potok4.ru/public_html/index.php(248): app\Router->run()
#7 {main}

SQLSTATE[42S02]: Base table or view not found: 1146 Table 'a0644240_grola.settings' doesn't exist
#0 /home/a0644240/domains/grola-admin.potok4.ru/public_html/app/Db.php(187): PDO->prepare('SELECT * FROM s...')
#1 /home/a0644240/domains/grola-admin.potok4.ru/public_html/app/Model.php(158): app\Db->query('SELECT * FROM s...', Array, 'app\\Models\\Sett...')
#2 /home/a0644240/domains/grola-admin.potok4.ru/public_html/app/View.php(56): app\Model::findById(1)
#3 /home/a0644240/domains/grola-admin.potok4.ru/public_html/app/View.php(25): app\View->getCachedSettings()
#4 /home/a0644240/domains/grola-admin.potok4.ru/public_html/app/Controller.php(11): app\View->__construct()
#5 /home/a0644240/domains/grola-admin.potok4.ru/public_html/app/Router.php(54): app\Controller->__construct()
#6 /home/a0644240/domains/grola-admin.potok4.ru/public_html/index.php(248): app\Router->run()
#7 {main}

SQLSTATE[42S02]: Base table or view not found: 1146 Table 'a0644240_grola.settings' doesn't exist
#0 /home/a0644240/domains/grola-admin.potok4.ru/public_html/app/Db.php(187): PDO->prepare('SELECT * FROM s...')
#1 /home/a0644240/domains/grola-admin.potok4.ru/public_html/app/Model.php(158): app\Db->query('SELECT * FROM s...', Array, 'app\\Models\\Sett...')
#2 /home/a0644240/domains/grola-admin.potok4.ru/public_html/app/View.php(56): app\Model::findById(1)
#3 /home/a0644240/domains/grola-admin.potok4.ru/public_html/app/View.php(25): app\View->getCachedSettings()
#4 /home/a0644240/domains/grola-admin.potok4.ru/public_html/app/Controller.php(11): app\View->__construct()
#5 /home/a0644240/domains/grola-admin.potok4.ru/public_html/app/Router.php(54): app\Controller->__construct()
#6 /home/a0644240/domains/grola-admin.potok4.ru/public_html/index.php(248): app\Router->run()
#7 {main}

SQLSTATE[42S02]: Base table or view not found: 1146 Table 'a0644240_grola.settings' doesn't exist
#0 /home/a0644240/domains/grola-admin.potok4.ru/public_html/app/Db.php(187): PDO->prepare('SELECT * FROM s...')
#1 /home/a0644240/domains/grola-admin.potok4.ru/public_html/app/Model.php(158): app\Db->query('SELECT * FROM s...', Array, 'app\\Models\\Sett...')
#2 /home/a0644240/domains/grola-admin.potok4.ru/public_html/app/View.php(56): app\Model::findById(1)
#3 /home/a0644240/domains/grola-admin.potok4.ru/public_html/app/View.php(25): app\View->getCachedSettings()
#4 /home/a0644240/domains/grola-admin.potok4.ru/public_html/app/Controller.php(11): app\View->__construct()
#5 /home/a0644240/domains/grola-admin.potok4.ru/public_html/app/Router.php(54): app\Controller->__construct()
#6 /home/a0644240/domains/grola-admin.potok4.ru/public_html/index.php(248): app\Router->run()
#7 {main}

