[2026-02-11 11:00:38] Warning: Undefined variable $image in /home/a0644240/domains/grola-admin.potok4.ru/public_html/public/views/main.php on line 38

[2026-02-11 11:00:38] Warning: Undefined variable $image in /home/a0644240/domains/grola-admin.potok4.ru/public_html/public/views/main.php on line 38

[2026-02-11 11:00:38] Warning: Undefined variable $image in /home/a0644240/domains/grola-admin.potok4.ru/public_html/public/views/main.php on line 38

[2026-02-11 11:00:38] Warning: Undefined variable $image in /home/a0644240/domains/grola-admin.potok4.ru/public_html/public/views/main.php on line 38

[2026-02-11 11:00:38] Warning: Undefined variable $image in /home/a0644240/domains/grola-admin.potok4.ru/public_html/public/views/main.php on line 38

[2026-02-11 11:03:01] Warning: Undefined variable $image in /home/a0644240/domains/grola-admin.potok4.ru/public_html/public/views/main.php on line 38

[2026-02-11 11:03:01] Warning: Undefined variable $image in /home/a0644240/domains/grola-admin.potok4.ru/public_html/public/views/main.php on line 38

[2026-02-11 11:03:01] Warning: Undefined variable $image in /home/a0644240/domains/grola-admin.potok4.ru/public_html/public/views/main.php on line 38

[2026-02-11 11:03:01] Warning: Undefined variable $image in /home/a0644240/domains/grola-admin.potok4.ru/public_html/public/views/main.php on line 38

[2026-02-11 11:03:01] Warning: Undefined variable $image in /home/a0644240/domains/grola-admin.potok4.ru/public_html/public/views/main.php on line 38

[2026-02-11 12:41:59] Warning: Undefined variable $name in /home/a0644240/domains/grola-admin.potok4.ru/public_html/public/views/main.php on line 7

[2026-02-11 12:49:38] Warning: Undefined variable $page in /home/a0644240/domains/grola-admin.potok4.ru/public_html/public/views/main.php on line 7

[2026-02-11 12:49:38] Warning: Attempt to read property "name" on null in /home/a0644240/domains/grola-admin.potok4.ru/public_html/public/views/main.php on line 7

[2026-02-11 12:49:40] Warning: Undefined variable $page in /home/a0644240/domains/grola-admin.potok4.ru/public_html/public/views/main.php on line 7

[2026-02-11 12:49:40] Warning: Attempt to read property "name" on null in /home/a0644240/domains/grola-admin.potok4.ru/public_html/public/views/main.php on line 7

[2026-02-11 14:50:40] Warning: Attempt to read property "id" on null in /home/a0644240/domains/grola-admin.potok4.ru/public_html/app/Controllers/PageController.php on line 34

[2026-02-11 14:50:40] Warning: Attempt to read property "id" on null in /home/a0644240/domains/grola-admin.potok4.ru/public_html/app/Controllers/PageController.php on line 34

[2026-02-11 14:50:40] Warning: Attempt to read property "id" on null in /home/a0644240/domains/grola-admin.potok4.ru/public_html/app/Controllers/PageController.php on line 34

[2026-02-11 14:50:40] Warning: Attempt to read property "id" on null in /home/a0644240/domains/grola-admin.potok4.ru/public_html/app/Controllers/PageController.php on line 34

[2026-02-11 14:50:40] Warning: Attempt to read property "id" on null in /home/a0644240/domains/grola-admin.potok4.ru/public_html/app/Controllers/PageController.php on line 34

[2026-02-11 14:50:40] Warning: Attempt to read property "id" on null in /home/a0644240/domains/grola-admin.potok4.ru/public_html/app/Controllers/PageController.php on line 34

[2026-02-11 14:50:40] Warning: Attempt to read property "id" on null in /home/a0644240/domains/grola-admin.potok4.ru/public_html/app/Controllers/PageController.php on line 34

[2026-02-11 14:50:40] Warning: Attempt to read property "id" on null in /home/a0644240/domains/grola-admin.potok4.ru/public_html/app/Controllers/PageController.php on line 34

[2026-02-11 14:50:40] Warning: Attempt to read property "id" on null in /home/a0644240/domains/grola-admin.potok4.ru/public_html/app/Controllers/PageController.php on line 34

[2026-02-11 14:50:40] Warning: Attempt to read property "id" on null in /home/a0644240/domains/grola-admin.potok4.ru/public_html/app/Controllers/PageController.php on line 34

[2026-02-11 14:50:40] Warning: Attempt to read property "id" on null in /home/a0644240/domains/grola-admin.potok4.ru/public_html/app/Controllers/PageController.php on line 34

[2026-02-11 14:50:40] Warning: Attempt to read property "id" on null in /home/a0644240/domains/grola-admin.potok4.ru/public_html/app/Controllers/PageController.php on line 34

[2026-02-11 14:50:40] Warning: Attempt to read property "id" on null in /home/a0644240/domains/grola-admin.potok4.ru/public_html/app/Controllers/PageController.php on line 34

[2026-02-11 14:50:40] Warning: Attempt to read property "id" on null in /home/a0644240/domains/grola-admin.potok4.ru/public_html/app/Controllers/PageController.php on line 34

[2026-02-11 14:50:40] Warning: Attempt to read property "id" on null in /home/a0644240/domains/grola-admin.potok4.ru/public_html/app/Controllers/PageController.php on line 34

[2026-02-11 14:50:40] Warning: Attempt to read property "id" on null in /home/a0644240/domains/grola-admin.potok4.ru/public_html/app/Controllers/PageController.php on line 34

[2026-02-11 14:50:40] Warning: Attempt to read property "id" on null in /home/a0644240/domains/grola-admin.potok4.ru/public_html/app/Controllers/PageController.php on line 34

[2026-02-11 14:50:41] Warning: Attempt to read property "id" on null in /home/a0644240/domains/grola-admin.potok4.ru/public_html/app/Controllers/PageController.php on line 34

[2026-02-11 14:50:41] Warning: Attempt to read property "id" on null in /home/a0644240/domains/grola-admin.potok4.ru/public_html/app/Controllers/PageController.php on line 34

[2026-02-11 14:50:41] Warning: Attempt to read property "id" on null in /home/a0644240/domains/grola-admin.potok4.ru/public_html/app/Controllers/PageController.php on line 34

[2026-02-11 14:50:41] Warning: Attempt to read property "id" on null in /home/a0644240/domains/grola-admin.potok4.ru/public_html/app/Controllers/PageController.php on line 34

[2026-02-11 14:50:41] Warning: Attempt to read property "id" on null in /home/a0644240/domains/grola-admin.potok4.ru/public_html/app/Controllers/PageController.php on line 34

[2026-02-11 14:50:41] Warning: Attempt to read property "id" on null in /home/a0644240/domains/grola-admin.potok4.ru/public_html/app/Controllers/PageController.php on line 34

[2026-02-11 14:50:41] Warning: Attempt to read property "id" on null in /home/a0644240/domains/grola-admin.potok4.ru/public_html/app/Controllers/PageController.php on line 34

[2026-02-11 14:50:41] Warning: Attempt to read property "id" on null in /home/a0644240/domains/grola-admin.potok4.ru/public_html/app/Controllers/PageController.php on line 34

[2026-02-11 14:50:41] Warning: Attempt to read property "id" on null in /home/a0644240/domains/grola-admin.potok4.ru/public_html/app/Controllers/PageController.php on line 34

[2026-02-11 14:50:41] Warning: Attempt to read property "id" on null in /home/a0644240/domains/grola-admin.potok4.ru/public_html/app/Controllers/PageController.php on line 34

[2026-02-11 14:50:41] Warning: Attempt to read property "id" on null in /home/a0644240/domains/grola-admin.potok4.ru/public_html/app/Controllers/PageController.php on line 34

[2026-02-11 14:50:41] Warning: Attempt to read property "id" on null in /home/a0644240/domains/grola-admin.potok4.ru/public_html/app/Controllers/PageController.php on line 34

[2026-02-11 14:50:41] Warning: Attempt to read property "id" on null in /home/a0644240/domains/grola-admin.potok4.ru/public_html/app/Controllers/PageController.php on line 34

[2026-02-11 14:50:41] Warning: Attempt to read property "id" on null in /home/a0644240/domains/grola-admin.potok4.ru/public_html/app/Controllers/PageController.php on line 34

[2026-02-11 14:50:41] Warning: Attempt to read property "id" on null in /home/a0644240/domains/grola-admin.potok4.ru/public_html/app/Controllers/PageController.php on line 34

[2026-02-11 14:50:41] Warning: Attempt to read property "id" on null in /home/a0644240/domains/grola-admin.potok4.ru/public_html/app/Controllers/PageController.php on line 34

[2026-02-11 14:50:41] Warning: Attempt to read property "id" on null in /home/a0644240/domains/grola-admin.potok4.ru/public_html/app/Controllers/PageController.php on line 34

[2026-02-11 14:50:42] Warning: Attempt to read property "id" on null in /home/a0644240/domains/grola-admin.potok4.ru/public_html/app/Controllers/PageController.php on line 34

[2026-02-11 14:50:42] Warning: Attempt to read property "id" on null in /home/a0644240/domains/grola-admin.potok4.ru/public_html/app/Controllers/PageController.php on line 34

[2026-02-11 14:50:42] Warning: Attempt to read property "id" on null in /home/a0644240/domains/grola-admin.potok4.ru/public_html/app/Controllers/PageController.php on line 34

[2026-02-11 14:50:42] Warning: Attempt to read property "id" on null in /home/a0644240/domains/grola-admin.potok4.ru/public_html/app/Controllers/PageController.php on line 34

[2026-02-11 14:50:42] Warning: Attempt to read property "id" on null in /home/a0644240/domains/grola-admin.potok4.ru/public_html/app/Controllers/PageController.php on line 34

[2026-02-11 14:50:42] Warning: Attempt to read property "id" on null in /home/a0644240/domains/grola-admin.potok4.ru/public_html/app/Controllers/PageController.php on line 34

[2026-02-11 14:50:42] Warning: Attempt to read property "id" on null in /home/a0644240/domains/grola-admin.potok4.ru/public_html/app/Controllers/PageController.php on line 34

[2026-02-11 14:50:42] Warning: Attempt to read property "id" on null in /home/a0644240/domains/grola-admin.potok4.ru/public_html/app/Controllers/PageController.php on line 34

[2026-02-11 14:50:42] Warning: Attempt to read property "id" on null in /home/a0644240/domains/grola-admin.potok4.ru/public_html/app/Controllers/PageController.php on line 34

[2026-02-11 14:50:42] Warning: Attempt to read property "id" on null in /home/a0644240/domains/grola-admin.potok4.ru/public_html/app/Controllers/PageController.php on line 34

[2026-02-11 14:50:42] Warning: Attempt to read property "id" on null in /home/a0644240/domains/grola-admin.potok4.ru/public_html/app/Controllers/PageController.php on line 34

[2026-02-11 14:50:42] Warning: Attempt to read property "id" on null in /home/a0644240/domains/grola-admin.potok4.ru/public_html/app/Controllers/PageController.php on line 34

[2026-02-11 14:50:42] Warning: Attempt to read property "id" on null in /home/a0644240/domains/grola-admin.potok4.ru/public_html/app/Controllers/PageController.php on line 34

[2026-02-11 14:50:42] Warning: Attempt to read property "id" on null in /home/a0644240/domains/grola-admin.potok4.ru/public_html/app/Controllers/PageController.php on line 34

[2026-02-11 14:50:42] Warning: Attempt to read property "id" on null in /home/a0644240/domains/grola-admin.potok4.ru/public_html/app/Controllers/PageController.php on line 34

[2026-02-11 14:50:42] Warning: Attempt to read property "id" on null in /home/a0644240/domains/grola-admin.potok4.ru/public_html/app/Controllers/PageController.php on line 34

[2026-02-11 14:50:42] Warning: Attempt to read property "id" on null in /home/a0644240/domains/grola-admin.potok4.ru/public_html/app/Controllers/PageController.php on line 34

[2026-02-11 15:45:27] Warning: unlink(/home/a0644240/domains/grola-admin.potok4.ru/public_html): Is a directory in /home/a0644240/domains/grola-admin.potok4.ru/public_html/app/FileUpload.php on line 367

[2026-02-11 15:49:37] Warning: Attempt to read property "name_menu" on null in /home/a0644240/domains/grola-admin.potok4.ru/public_html/public/views/layouts/header.php on line 69

[2026-02-11 15:49:40] Warning: Attempt to read property "name_menu" on null in /home/a0644240/domains/grola-admin.potok4.ru/public_html/public/views/layouts/header.php on line 69

[2026-02-11 15:49:40] Warning: Attempt to read property "name_menu" on null in /home/a0644240/domains/grola-admin.potok4.ru/public_html/public/views/layouts/header.php on line 69

[2026-02-11 15:49:40] Warning: Attempt to read property "name_menu" on null in /home/a0644240/domains/grola-admin.potok4.ru/public_html/public/views/layouts/header.php on line 69

[2026-02-11 15:49:40] Warning: Attempt to read property "name_menu" on null in /home/a0644240/domains/grola-admin.potok4.ru/public_html/public/views/layouts/header.php on line 69

[2026-02-11 15:49:40] Warning: Attempt to read property "name_menu" on null in /home/a0644240/domains/grola-admin.potok4.ru/public_html/public/views/layouts/header.php on line 69

[2026-02-11 15:49:40] Warning: Attempt to read property "name_menu" on null in /home/a0644240/domains/grola-admin.potok4.ru/public_html/public/views/layouts/header.php on line 69

[2026-02-11 15:49:40] Warning: Attempt to read property "name_menu" on null in /home/a0644240/domains/grola-admin.potok4.ru/public_html/public/views/layouts/header.php on line 69

[2026-02-11 15:49:40] Warning: Attempt to read property "name_menu" on null in /home/a0644240/domains/grola-admin.potok4.ru/public_html/public/views/layouts/header.php on line 69

[2026-02-11 15:49:40] Warning: Attempt to read property "name_menu" on null in /home/a0644240/domains/grola-admin.potok4.ru/public_html/public/views/layouts/header.php on line 69

[2026-02-11 15:49:40] Warning: Attempt to read property "name_menu" on null in /home/a0644240/domains/grola-admin.potok4.ru/public_html/public/views/layouts/header.php on line 69

[2026-02-11 15:49:40] Warning: Attempt to read property "name_menu" on null in /home/a0644240/domains/grola-admin.potok4.ru/public_html/public/views/layouts/header.php on line 69

[2026-02-11 15:49:40] Warning: Attempt to read property "name_menu" on null in /home/a0644240/domains/grola-admin.potok4.ru/public_html/public/views/layouts/header.php on line 69

[2026-02-11 15:49:40] Warning: Attempt to read property "name_menu" on null in /home/a0644240/domains/grola-admin.potok4.ru/public_html/public/views/layouts/header.php on line 69

[2026-02-11 15:49:40] Warning: Attempt to read property "name_menu" on null in /home/a0644240/domains/grola-admin.potok4.ru/public_html/public/views/layouts/header.php on line 69

[2026-02-11 15:49:40] Warning: Attempt to read property "name_menu" on null in /home/a0644240/domains/grola-admin.potok4.ru/public_html/public/views/layouts/header.php on line 69

[2026-02-11 15:49:40] Warning: Attempt to read property "name_menu" on null in /home/a0644240/domains/grola-admin.potok4.ru/public_html/public/views/layouts/header.php on line 69

[2026-02-11 15:49:40] Warning: Attempt to read property "name_menu" on null in /home/a0644240/domains/grola-admin.potok4.ru/public_html/public/views/layouts/header.php on line 69

[2026-02-11 15:49:40] Warning: Attempt to read property "name_menu" on null in /home/a0644240/domains/grola-admin.potok4.ru/public_html/public/views/layouts/header.php on line 69

[2026-02-11 15:49:40] Warning: Attempt to read property "name_menu" on null in /home/a0644240/domains/grola-admin.potok4.ru/public_html/public/views/layouts/header.php on line 69

[2026-02-11 15:49:40] Warning: Attempt to read property "name_menu" on null in /home/a0644240/domains/grola-admin.potok4.ru/public_html/public/views/layouts/header.php on line 69

[2026-02-11 15:49:40] Warning: Attempt to read property "name_menu" on null in /home/a0644240/domains/grola-admin.potok4.ru/public_html/public/views/layouts/header.php on line 69

[2026-02-11 15:49:40] Warning: Attempt to read property "name_menu" on null in /home/a0644240/domains/grola-admin.potok4.ru/public_html/public/views/layouts/header.php on line 69

[2026-02-11 15:49:40] Warning: Attempt to read property "name_menu" on null in /home/a0644240/domains/grola-admin.potok4.ru/public_html/public/views/layouts/header.php on line 69

[2026-02-11 15:49:40] Warning: Attempt to read property "name_menu" on null in /home/a0644240/domains/grola-admin.potok4.ru/public_html/public/views/layouts/header.php on line 69

[2026-02-11 15:49:40] Warning: Attempt to read property "name_menu" on null in /home/a0644240/domains/grola-admin.potok4.ru/public_html/public/views/layouts/header.php on line 69

[2026-02-11 15:49:40] Warning: Attempt to read property "name_menu" on null in /home/a0644240/domains/grola-admin.potok4.ru/public_html/public/views/layouts/header.php on line 69

[2026-02-11 15:49:40] Warning: Attempt to read property "name_menu" on null in /home/a0644240/domains/grola-admin.potok4.ru/public_html/public/views/layouts/header.php on line 69

[2026-02-11 15:49:40] Warning: Attempt to read property "name_menu" on null in /home/a0644240/domains/grola-admin.potok4.ru/public_html/public/views/layouts/header.php on line 69

[2026-02-11 15:49:40] Warning: Attempt to read property "name_menu" on null in /home/a0644240/domains/grola-admin.potok4.ru/public_html/public/views/layouts/header.php on line 69

[2026-02-11 15:49:40] Warning: Attempt to read property "name_menu" on null in /home/a0644240/domains/grola-admin.potok4.ru/public_html/public/views/layouts/header.php on line 69

[2026-02-11 15:49:40] Warning: Attempt to read property "name_menu" on null in /home/a0644240/domains/grola-admin.potok4.ru/public_html/public/views/layouts/header.php on line 69

[2026-02-11 15:49:40] Warning: Attempt to read property "name_menu" on null in /home/a0644240/domains/grola-admin.potok4.ru/public_html/public/views/layouts/header.php on line 69

[2026-02-11 15:49:40] Warning: Attempt to read property "name_menu" on null in /home/a0644240/domains/grola-admin.potok4.ru/public_html/public/views/layouts/header.php on line 69

[2026-02-11 15:49:40] Warning: Attempt to read property "name_menu" on null in /home/a0644240/domains/grola-admin.potok4.ru/public_html/public/views/layouts/header.php on line 69

[2026-02-11 15:49:40] Warning: Attempt to read property "name_menu" on null in /home/a0644240/domains/grola-admin.potok4.ru/public_html/public/views/layouts/header.php on line 69

[2026-02-11 15:49:40] Warning: Attempt to read property "name_menu" on null in /home/a0644240/domains/grola-admin.potok4.ru/public_html/public/views/layouts/header.php on line 69

[2026-02-11 15:49:49] Warning: Attempt to read property "name_menu" on null in /home/a0644240/domains/grola-admin.potok4.ru/public_html/public/views/layouts/header.php on line 69

[2026-02-11 15:50:25] Warning: Attempt to read property "name_menu" on null in /home/a0644240/domains/grola-admin.potok4.ru/public_html/public/views/layouts/header.php on line 69

[2026-02-11 15:55:37] Warning: Attempt to read property "name_menu" on null in /home/a0644240/domains/grola-admin.potok4.ru/public_html/public/views/layouts/header.php on line 69

[2026-02-11 15:56:03] Warning: Attempt to read property "name_menu" on null in /home/a0644240/domains/grola-admin.potok4.ru/public_html/public/views/layouts/header.php on line 69

[2026-02-11 15:56:20] Warning: Attempt to read property "name_menu" on null in /home/a0644240/domains/grola-admin.potok4.ru/public_html/public/views/layouts/header.php on line 69

[2026-02-11 15:56:21] Warning: Attempt to read property "name_menu" on null in /home/a0644240/domains/grola-admin.potok4.ru/public_html/public/views/layouts/header.php on line 69

[2026-02-11 15:56:27] Warning: Attempt to read property "name_menu" on null in /home/a0644240/domains/grola-admin.potok4.ru/public_html/public/views/layouts/header.php on line 69

[2026-02-11 15:56:42] Warning: Attempt to read property "name_menu" on null in /home/a0644240/domains/grola-admin.potok4.ru/public_html/public/views/layouts/header.php on line 69

[2026-02-11 15:56:42] Warning: Attempt to read property "name_menu" on null in /home/a0644240/domains/grola-admin.potok4.ru/public_html/public/views/layouts/header.php on line 69

[2026-02-11 15:56:45] Warning: Attempt to read property "name_menu" on null in /home/a0644240/domains/grola-admin.potok4.ru/public_html/public/views/layouts/header.php on line 69

[2026-02-11 15:56:45] Warning: Attempt to read property "name_menu" on null in /home/a0644240/domains/grola-admin.potok4.ru/public_html/public/views/layouts/header.php on line 69

[2026-02-11 15:56:45] Warning: Attempt to read property "name_menu" on null in /home/a0644240/domains/grola-admin.potok4.ru/public_html/public/views/layouts/header.php on line 69

[2026-02-11 15:56:45] Warning: Attempt to read property "name_menu" on null in /home/a0644240/domains/grola-admin.potok4.ru/public_html/public/views/layouts/header.php on line 69

[2026-02-11 15:56:45] Warning: Attempt to read property "name_menu" on null in /home/a0644240/domains/grola-admin.potok4.ru/public_html/public/views/layouts/header.php on line 69

[2026-02-11 15:56:45] Warning: Attempt to read property "name_menu" on null in /home/a0644240/domains/grola-admin.potok4.ru/public_html/public/views/layouts/header.php on line 69

[2026-02-11 15:56:45] Warning: Attempt to read property "name_menu" on null in /home/a0644240/domains/grola-admin.potok4.ru/public_html/public/views/layouts/header.php on line 69

[2026-02-11 15:56:45] Warning: Attempt to read property "name_menu" on null in /home/a0644240/domains/grola-admin.potok4.ru/public_html/public/views/layouts/header.php on line 69

[2026-02-11 15:56:45] Warning: Attempt to read property "name_menu" on null in /home/a0644240/domains/grola-admin.potok4.ru/public_html/public/views/layouts/header.php on line 69

[2026-02-11 15:56:45] Warning: Attempt to read property "name_menu" on null in /home/a0644240/domains/grola-admin.potok4.ru/public_html/public/views/layouts/header.php on line 69

[2026-02-11 15:56:45] Warning: Attempt to read property "name_menu" on null in /home/a0644240/domains/grola-admin.potok4.ru/public_html/public/views/layouts/header.php on line 69

[2026-02-11 15:56:45] Warning: Attempt to read property "name_menu" on null in /home/a0644240/domains/grola-admin.potok4.ru/public_html/public/views/layouts/header.php on line 69

[2026-02-11 15:56:45] Warning: Attempt to read property "name_menu" on null in /home/a0644240/domains/grola-admin.potok4.ru/public_html/public/views/layouts/header.php on line 69

[2026-02-11 15:56:45] Warning: Attempt to read property "name_menu" on null in /home/a0644240/domains/grola-admin.potok4.ru/public_html/public/views/layouts/header.php on line 69

[2026-02-11 15:56:45] Warning: Attempt to read property "name_menu" on null in /home/a0644240/domains/grola-admin.potok4.ru/public_html/public/views/layouts/header.php on line 69

[2026-02-11 15:56:45] Warning: Attempt to read property "name_menu" on null in /home/a0644240/domains/grola-admin.potok4.ru/public_html/public/views/layouts/header.php on line 69

[2026-02-11 15:56:45] Warning: Attempt to read property "name_menu" on null in /home/a0644240/domains/grola-admin.potok4.ru/public_html/public/views/layouts/header.php on line 69

[2026-02-11 15:56:45] Warning: Attempt to read property "name_menu" on null in /home/a0644240/domains/grola-admin.potok4.ru/public_html/public/views/layouts/header.php on line 69

[2026-02-11 15:56:45] Warning: Attempt to read property "name_menu" on null in /home/a0644240/domains/grola-admin.potok4.ru/public_html/public/views/layouts/header.php on line 69

[2026-02-11 15:56:45] Warning: Attempt to read property "name_menu" on null in /home/a0644240/domains/grola-admin.potok4.ru/public_html/public/views/layouts/header.php on line 69

[2026-02-11 15:56:45] Warning: Attempt to read property "name_menu" on null in /home/a0644240/domains/grola-admin.potok4.ru/public_html/public/views/layouts/header.php on line 69

[2026-02-11 15:56:45] Warning: Attempt to read property "name_menu" on null in /home/a0644240/domains/grola-admin.potok4.ru/public_html/public/views/layouts/header.php on line 69

[2026-02-11 15:56:45] Warning: Attempt to read property "name_menu" on null in /home/a0644240/domains/grola-admin.potok4.ru/public_html/public/views/layouts/header.php on line 69

[2026-02-11 15:56:45] Warning: Attempt to read property "name_menu" on null in /home/a0644240/domains/grola-admin.potok4.ru/public_html/public/views/layouts/header.php on line 69

[2026-02-11 15:56:45] Warning: Attempt to read property "name_menu" on null in /home/a0644240/domains/grola-admin.potok4.ru/public_html/public/views/layouts/header.php on line 69

[2026-02-11 15:56:45] Warning: Attempt to read property "name_menu" on null in /home/a0644240/domains/grola-admin.potok4.ru/public_html/public/views/layouts/header.php on line 69

[2026-02-11 15:56:45] Warning: Attempt to read property "name_menu" on null in /home/a0644240/domains/grola-admin.potok4.ru/public_html/public/views/layouts/header.php on line 69

[2026-02-11 15:56:45] Warning: Attempt to read property "name_menu" on null in /home/a0644240/domains/grola-admin.potok4.ru/public_html/public/views/layouts/header.php on line 69

[2026-02-11 15:56:45] Warning: Attempt to read property "name_menu" on null in /home/a0644240/domains/grola-admin.potok4.ru/public_html/public/views/layouts/header.php on line 69

[2026-02-11 15:56:45] Warning: Attempt to read property "name_menu" on null in /home/a0644240/domains/grola-admin.potok4.ru/public_html/public/views/layouts/header.php on line 69

[2026-02-11 15:56:45] Warning: Attempt to read property "name_menu" on null in /home/a0644240/domains/grola-admin.potok4.ru/public_html/public/views/layouts/header.php on line 69

[2026-02-11 15:56:45] Warning: Attempt to read property "name_menu" on null in /home/a0644240/domains/grola-admin.potok4.ru/public_html/public/views/layouts/header.php on line 69

[2026-02-11 15:56:45] Warning: Attempt to read property "name_menu" on null in /home/a0644240/domains/grola-admin.potok4.ru/public_html/public/views/layouts/header.php on line 69

[2026-02-11 15:56:45] Warning: Attempt to read property "name_menu" on null in /home/a0644240/domains/grola-admin.potok4.ru/public_html/public/views/layouts/header.php on line 69

[2026-02-11 15:56:45] Warning: Attempt to read property "name_menu" on null in /home/a0644240/domains/grola-admin.potok4.ru/public_html/public/views/layouts/header.php on line 69

[2026-02-11 15:56:45] Warning: Attempt to read property "name_menu" on null in /home/a0644240/domains/grola-admin.potok4.ru/public_html/public/views/layouts/header.php on line 69

[2026-02-11 15:56:56] Warning: Attempt to read property "name_menu" on null in /home/a0644240/domains/grola-admin.potok4.ru/public_html/public/views/layouts/header.php on line 69

[2026-02-11 15:56:56] Warning: Attempt to read property "name_menu" on null in /home/a0644240/domains/grola-admin.potok4.ru/public_html/public/views/layouts/header.php on line 69

[2026-02-11 15:56:56] Warning: Attempt to read property "name_menu" on null in /home/a0644240/domains/grola-admin.potok4.ru/public_html/public/views/layouts/header.php on line 69

[2026-02-11 15:56:56] Warning: Attempt to read property "name_menu" on null in /home/a0644240/domains/grola-admin.potok4.ru/public_html/public/views/layouts/header.php on line 69

[2026-02-11 15:56:56] Warning: Attempt to read property "name_menu" on null in /home/a0644240/domains/grola-admin.potok4.ru/public_html/public/views/layouts/header.php on line 69

[2026-02-11 15:56:56] Warning: Attempt to read property "name_menu" on null in /home/a0644240/domains/grola-admin.potok4.ru/public_html/public/views/layouts/header.php on line 69

[2026-02-11 15:56:56] Warning: Attempt to read property "name_menu" on null in /home/a0644240/domains/grola-admin.potok4.ru/public_html/public/views/layouts/header.php on line 69

[2026-02-11 15:56:56] Warning: Attempt to read property "name_menu" on null in /home/a0644240/domains/grola-admin.potok4.ru/public_html/public/views/layouts/header.php on line 69

[2026-02-11 15:56:56] Warning: Attempt to read property "name_menu" on null in /home/a0644240/domains/grola-admin.potok4.ru/public_html/public/views/layouts/header.php on line 69

[2026-02-11 15:56:56] Warning: Attempt to read property "name_menu" on null in /home/a0644240/domains/grola-admin.potok4.ru/public_html/public/views/layouts/header.php on line 69

[2026-02-11 15:56:56] Warning: Attempt to read property "name_menu" on null in /home/a0644240/domains/grola-admin.potok4.ru/public_html/public/views/layouts/header.php on line 69

[2026-02-11 15:56:56] Warning: Attempt to read property "name_menu" on null in /home/a0644240/domains/grola-admin.potok4.ru/public_html/public/views/layouts/header.php on line 69

[2026-02-11 15:56:56] Warning: Attempt to read property "name_menu" on null in /home/a0644240/domains/grola-admin.potok4.ru/public_html/public/views/layouts/header.php on line 69

[2026-02-11 15:56:56] Warning: Attempt to read property "name_menu" on null in /home/a0644240/domains/grola-admin.potok4.ru/public_html/public/views/layouts/header.php on line 69

[2026-02-11 15:56:56] Warning: Attempt to read property "name_menu" on null in /home/a0644240/domains/grola-admin.potok4.ru/public_html/public/views/layouts/header.php on line 69

[2026-02-11 15:56:56] Warning: Attempt to read property "name_menu" on null in /home/a0644240/domains/grola-admin.potok4.ru/public_html/public/views/layouts/header.php on line 69

[2026-02-11 15:56:56] Warning: Attempt to read property "name_menu" on null in /home/a0644240/domains/grola-admin.potok4.ru/public_html/public/views/layouts/header.php on line 69

[2026-02-11 15:56:59] Warning: Attempt to read property "name_menu" on null in /home/a0644240/domains/grola-admin.potok4.ru/public_html/public/views/layouts/header.php on line 69

[2026-02-11 15:56:59] Warning: Attempt to read property "name_menu" on null in /home/a0644240/domains/grola-admin.potok4.ru/public_html/public/views/layouts/header.php on line 69

[2026-02-11 15:56:59] Warning: Attempt to read property "name_menu" on null in /home/a0644240/domains/grola-admin.potok4.ru/public_html/public/views/layouts/header.php on line 69

[2026-02-11 15:56:59] Warning: Attempt to read property "name_menu" on null in /home/a0644240/domains/grola-admin.potok4.ru/public_html/public/views/layouts/header.php on line 69

[2026-02-11 15:56:59] Warning: Attempt to read property "name_menu" on null in /home/a0644240/domains/grola-admin.potok4.ru/public_html/public/views/layouts/header.php on line 69

[2026-02-11 15:56:59] Warning: Attempt to read property "name_menu" on null in /home/a0644240/domains/grola-admin.potok4.ru/public_html/public/views/layouts/header.php on line 69

[2026-02-11 15:56:59] Warning: Attempt to read property "name_menu" on null in /home/a0644240/domains/grola-admin.potok4.ru/public_html/public/views/layouts/header.php on line 69

[2026-02-11 15:56:59] Warning: Attempt to read property "name_menu" on null in /home/a0644240/domains/grola-admin.potok4.ru/public_html/public/views/layouts/header.php on line 69

[2026-02-11 15:56:59] Warning: Attempt to read property "name_menu" on null in /home/a0644240/domains/grola-admin.potok4.ru/public_html/public/views/layouts/header.php on line 69

[2026-02-11 15:56:59] Warning: Attempt to read property "name_menu" on null in /home/a0644240/domains/grola-admin.potok4.ru/public_html/public/views/layouts/header.php on line 69

[2026-02-11 15:56:59] Warning: Attempt to read property "name_menu" on null in /home/a0644240/domains/grola-admin.potok4.ru/public_html/public/views/layouts/header.php on line 69

[2026-02-11 15:56:59] Warning: Attempt to read property "name_menu" on null in /home/a0644240/domains/grola-admin.potok4.ru/public_html/public/views/layouts/header.php on line 69

[2026-02-11 15:56:59] Warning: Attempt to read property "name_menu" on null in /home/a0644240/domains/grola-admin.potok4.ru/public_html/public/views/layouts/header.php on line 69

[2026-02-11 15:56:59] Warning: Attempt to read property "name_menu" on null in /home/a0644240/domains/grola-admin.potok4.ru/public_html/public/views/layouts/header.php on line 69

[2026-02-11 15:56:59] Warning: Attempt to read property "name_menu" on null in /home/a0644240/domains/grola-admin.potok4.ru/public_html/public/views/layouts/header.php on line 69

[2026-02-11 15:56:59] Warning: Attempt to read property "name_menu" on null in /home/a0644240/domains/grola-admin.potok4.ru/public_html/public/views/layouts/header.php on line 69

[2026-02-11 15:56:59] Warning: Attempt to read property "name_menu" on null in /home/a0644240/domains/grola-admin.potok4.ru/public_html/public/views/layouts/header.php on line 69

[2026-02-11 15:56:59] Warning: Attempt to read property "name_menu" on null in /home/a0644240/domains/grola-admin.potok4.ru/public_html/public/views/layouts/header.php on line 69

[2026-02-11 15:56:59] Warning: Attempt to read property "name_menu" on null in /home/a0644240/domains/grola-admin.potok4.ru/public_html/public/views/layouts/header.php on line 69

[2026-02-11 15:56:59] Warning: Attempt to read property "name_menu" on null in /home/a0644240/domains/grola-admin.potok4.ru/public_html/public/views/layouts/header.php on line 69

[2026-02-11 15:56:59] Warning: Attempt to read property "name_menu" on null in /home/a0644240/domains/grola-admin.potok4.ru/public_html/public/views/layouts/header.php on line 69

[2026-02-11 15:56:59] Warning: Attempt to read property "name_menu" on null in /home/a0644240/domains/grola-admin.potok4.ru/public_html/public/views/layouts/header.php on line 69

[2026-02-11 15:56:59] Warning: Attempt to read property "name_menu" on null in /home/a0644240/domains/grola-admin.potok4.ru/public_html/public/views/layouts/header.php on line 69

[2026-02-11 15:56:59] Warning: Attempt to read property "name_menu" on null in /home/a0644240/domains/grola-admin.potok4.ru/public_html/public/views/layouts/header.php on line 69

[2026-02-11 15:56:59] Warning: Attempt to read property "name_menu" on null in /home/a0644240/domains/grola-admin.potok4.ru/public_html/public/views/layouts/header.php on line 69

[2026-02-11 15:56:59] Warning: Attempt to read property "name_menu" on null in /home/a0644240/domains/grola-admin.potok4.ru/public_html/public/views/layouts/header.php on line 69

[2026-02-11 15:56:59] Warning: Attempt to read property "name_menu" on null in /home/a0644240/domains/grola-admin.potok4.ru/public_html/public/views/layouts/header.php on line 69

[2026-02-11 15:56:59] Warning: Attempt to read property "name_menu" on null in /home/a0644240/domains/grola-admin.potok4.ru/public_html/public/views/layouts/header.php on line 69

[2026-02-11 15:56:59] Warning: Attempt to read property "name_menu" on null in /home/a0644240/domains/grola-admin.potok4.ru/public_html/public/views/layouts/header.php on line 69

[2026-02-11 15:56:59] Warning: Attempt to read property "name_menu" on null in /home/a0644240/domains/grola-admin.potok4.ru/public_html/public/views/layouts/header.php on line 69

[2026-02-11 15:56:59] Warning: Attempt to read property "name_menu" on null in /home/a0644240/domains/grola-admin.potok4.ru/public_html/public/views/layouts/header.php on line 69

[2026-02-11 15:56:59] Warning: Attempt to read property "name_menu" on null in /home/a0644240/domains/grola-admin.potok4.ru/public_html/public/views/layouts/header.php on line 69

[2026-02-11 15:56:59] Warning: Attempt to read property "name_menu" on null in /home/a0644240/domains/grola-admin.potok4.ru/public_html/public/views/layouts/header.php on line 69

[2026-02-11 15:56:59] Warning: Attempt to read property "name_menu" on null in /home/a0644240/domains/grola-admin.potok4.ru/public_html/public/views/layouts/header.php on line 69

[2026-02-11 15:56:59] Warning: Attempt to read property "name_menu" on null in /home/a0644240/domains/grola-admin.potok4.ru/public_html/public/views/layouts/header.php on line 69

[2026-02-11 15:56:59] Warning: Attempt to read property "name_menu" on null in /home/a0644240/domains/grola-admin.potok4.ru/public_html/public/views/layouts/header.php on line 69

[2026-02-11 15:57:01] Warning: Attempt to read property "name_menu" on null in /home/a0644240/domains/grola-admin.potok4.ru/public_html/public/views/layouts/header.php on line 69

[2026-02-11 15:57:01] Warning: Attempt to read property "name_menu" on null in /home/a0644240/domains/grola-admin.potok4.ru/public_html/public/views/layouts/header.php on line 69

[2026-02-11 15:57:01] Warning: Attempt to read property "name_menu" on null in /home/a0644240/domains/grola-admin.potok4.ru/public_html/public/views/layouts/header.php on line 69

[2026-02-11 15:57:01] Warning: Attempt to read property "name_menu" on null in /home/a0644240/domains/grola-admin.potok4.ru/public_html/public/views/layouts/header.php on line 69

[2026-02-11 15:57:01] Warning: Attempt to read property "name_menu" on null in /home/a0644240/domains/grola-admin.potok4.ru/public_html/public/views/layouts/header.php on line 69

[2026-02-11 15:57:01] Warning: Attempt to read property "name_menu" on null in /home/a0644240/domains/grola-admin.potok4.ru/public_html/public/views/layouts/header.php on line 69

[2026-02-11 15:57:01] Warning: Attempt to read property "name_menu" on null in /home/a0644240/domains/grola-admin.potok4.ru/public_html/public/views/layouts/header.php on line 69

[2026-02-11 15:57:01] Warning: Attempt to read property "name_menu" on null in /home/a0644240/domains/grola-admin.potok4.ru/public_html/public/views/layouts/header.php on line 69

[2026-02-11 15:57:01] Warning: Attempt to read property "name_menu" on null in /home/a0644240/domains/grola-admin.potok4.ru/public_html/public/views/layouts/header.php on line 69

[2026-02-11 15:57:01] Warning: Attempt to read property "name_menu" on null in /home/a0644240/domains/grola-admin.potok4.ru/public_html/public/views/layouts/header.php on line 69

[2026-02-11 15:57:01] Warning: Attempt to read property "name_menu" on null in /home/a0644240/domains/grola-admin.potok4.ru/public_html/public/views/layouts/header.php on line 69

[2026-02-11 15:57:01] Warning: Attempt to read property "name_menu" on null in /home/a0644240/domains/grola-admin.potok4.ru/public_html/public/views/layouts/header.php on line 69

[2026-02-11 15:57:01] Warning: Attempt to read property "name_menu" on null in /home/a0644240/domains/grola-admin.potok4.ru/public_html/public/views/layouts/header.php on line 69

[2026-02-11 15:57:01] Warning: Attempt to read property "name_menu" on null in /home/a0644240/domains/grola-admin.potok4.ru/public_html/public/views/layouts/header.php on line 69

[2026-02-11 15:57:01] Warning: Attempt to read property "name_menu" on null in /home/a0644240/domains/grola-admin.potok4.ru/public_html/public/views/layouts/header.php on line 69

[2026-02-11 15:57:01] Warning: Attempt to read property "name_menu" on null in /home/a0644240/domains/grola-admin.potok4.ru/public_html/public/views/layouts/header.php on line 69

[2026-02-11 15:57:01] Warning: Attempt to read property "name_menu" on null in /home/a0644240/domains/grola-admin.potok4.ru/public_html/public/views/layouts/header.php on line 69

[2026-02-11 15:57:01] Warning: Attempt to read property "name_menu" on null in /home/a0644240/domains/grola-admin.potok4.ru/public_html/public/views/layouts/header.php on line 69

[2026-02-11 15:57:01] Warning: Attempt to read property "name_menu" on null in /home/a0644240/domains/grola-admin.potok4.ru/public_html/public/views/layouts/header.php on line 69

[2026-02-11 15:57:01] Warning: Attempt to read property "name_menu" on null in /home/a0644240/domains/grola-admin.potok4.ru/public_html/public/views/layouts/header.php on line 69

[2026-02-11 15:57:01] Warning: Attempt to read property "name_menu" on null in /home/a0644240/domains/grola-admin.potok4.ru/public_html/public/views/layouts/header.php on line 69

[2026-02-11 15:57:01] Warning: Attempt to read property "name_menu" on null in /home/a0644240/domains/grola-admin.potok4.ru/public_html/public/views/layouts/header.php on line 69

[2026-02-11 15:57:01] Warning: Attempt to read property "name_menu" on null in /home/a0644240/domains/grola-admin.potok4.ru/public_html/public/views/layouts/header.php on line 69

[2026-02-11 15:57:01] Warning: Attempt to read property "name_menu" on null in /home/a0644240/domains/grola-admin.potok4.ru/public_html/public/views/layouts/header.php on line 69

[2026-02-11 15:57:01] Warning: Attempt to read property "name_menu" on null in /home/a0644240/domains/grola-admin.potok4.ru/public_html/public/views/layouts/header.php on line 69

[2026-02-11 15:57:01] Warning: Attempt to read property "name_menu" on null in /home/a0644240/domains/grola-admin.potok4.ru/public_html/public/views/layouts/header.php on line 69

[2026-02-11 15:57:01] Warning: Attempt to read property "name_menu" on null in /home/a0644240/domains/grola-admin.potok4.ru/public_html/public/views/layouts/header.php on line 69

[2026-02-11 15:57:01] Warning: Attempt to read property "name_menu" on null in /home/a0644240/domains/grola-admin.potok4.ru/public_html/public/views/layouts/header.php on line 69

[2026-02-11 15:57:02] Warning: Attempt to read property "name_menu" on null in /home/a0644240/domains/grola-admin.potok4.ru/public_html/public/views/layouts/header.php on line 69

[2026-02-11 15:57:10] Warning: Attempt to read property "name_menu" on null in /home/a0644240/domains/grola-admin.potok4.ru/public_html/public/views/layouts/header.php on line 69

[2026-02-11 15:57:10] Warning: Attempt to read property "name_menu" on null in /home/a0644240/domains/grola-admin.potok4.ru/public_html/public/views/layouts/header.php on line 69

[2026-02-11 15:57:10] Warning: Attempt to read property "name_menu" on null in /home/a0644240/domains/grola-admin.potok4.ru/public_html/public/views/layouts/header.php on line 69

[2026-02-11 15:57:10] Warning: Attempt to read property "name_menu" on null in /home/a0644240/domains/grola-admin.potok4.ru/public_html/public/views/layouts/header.php on line 69

[2026-02-11 15:57:10] Warning: Attempt to read property "name_menu" on null in /home/a0644240/domains/grola-admin.potok4.ru/public_html/public/views/layouts/header.php on line 69

[2026-02-11 15:57:10] Warning: Attempt to read property "name_menu" on null in /home/a0644240/domains/grola-admin.potok4.ru/public_html/public/views/layouts/header.php on line 69

[2026-02-11 15:57:10] Warning: Attempt to read property "name_menu" on null in /home/a0644240/domains/grola-admin.potok4.ru/public_html/public/views/layouts/header.php on line 69

[2026-02-11 15:57:10] Warning: Attempt to read property "name_menu" on null in /home/a0644240/domains/grola-admin.potok4.ru/public_html/public/views/layouts/header.php on line 69

[2026-02-11 15:57:10] Warning: Attempt to read property "name_menu" on null in /home/a0644240/domains/grola-admin.potok4.ru/public_html/public/views/layouts/header.php on line 69

[2026-02-11 15:57:10] Warning: Attempt to read property "name_menu" on null in /home/a0644240/domains/grola-admin.potok4.ru/public_html/public/views/layouts/header.php on line 69

[2026-02-11 15:57:10] Warning: Attempt to read property "name_menu" on null in /home/a0644240/domains/grola-admin.potok4.ru/public_html/public/views/layouts/header.php on line 69

[2026-02-11 15:57:10] Warning: Attempt to read property "name_menu" on null in /home/a0644240/domains/grola-admin.potok4.ru/public_html/public/views/layouts/header.php on line 69

[2026-02-11 15:57:10] Warning: Attempt to read property "name_menu" on null in /home/a0644240/domains/grola-admin.potok4.ru/public_html/public/views/layouts/header.php on line 69

[2026-02-11 15:57:10] Warning: Attempt to read property "name_menu" on null in /home/a0644240/domains/grola-admin.potok4.ru/public_html/public/views/layouts/header.php on line 69

[2026-02-11 15:57:10] Warning: Attempt to read property "name_menu" on null in /home/a0644240/domains/grola-admin.potok4.ru/public_html/public/views/layouts/header.php on line 69

[2026-02-11 15:57:10] Warning: Attempt to read property "name_menu" on null in /home/a0644240/domains/grola-admin.potok4.ru/public_html/public/views/layouts/header.php on line 69

[2026-02-11 15:57:10] Warning: Attempt to read property "name_menu" on null in /home/a0644240/domains/grola-admin.potok4.ru/public_html/public/views/layouts/header.php on line 69

[2026-02-11 15:57:10] Warning: Attempt to read property "name_menu" on null in /home/a0644240/domains/grola-admin.potok4.ru/public_html/public/views/layouts/header.php on line 69

[2026-02-11 15:57:10] Warning: Attempt to read property "name_menu" on null in /home/a0644240/domains/grola-admin.potok4.ru/public_html/public/views/layouts/header.php on line 69

[2026-02-11 15:57:10] Warning: Attempt to read property "name_menu" on null in /home/a0644240/domains/grola-admin.potok4.ru/public_html/public/views/layouts/header.php on line 69

[2026-02-11 15:57:10] Warning: Attempt to read property "name_menu" on null in /home/a0644240/domains/grola-admin.potok4.ru/public_html/public/views/layouts/header.php on line 69

[2026-02-11 15:57:10] Warning: Attempt to read property "name_menu" on null in /home/a0644240/domains/grola-admin.potok4.ru/public_html/public/views/layouts/header.php on line 69

[2026-02-11 15:57:10] Warning: Attempt to read property "name_menu" on null in /home/a0644240/domains/grola-admin.potok4.ru/public_html/public/views/layouts/header.php on line 69

[2026-02-11 15:57:10] Warning: Attempt to read property "name_menu" on null in /home/a0644240/domains/grola-admin.potok4.ru/public_html/public/views/layouts/header.php on line 69

[2026-02-11 15:57:10] Warning: Attempt to read property "name_menu" on null in /home/a0644240/domains/grola-admin.potok4.ru/public_html/public/views/layouts/header.php on line 69

[2026-02-11 15:57:13] Warning: Attempt to read property "name_menu" on null in /home/a0644240/domains/grola-admin.potok4.ru/public_html/public/views/layouts/header.php on line 69

[2026-02-11 15:57:13] Warning: Attempt to read property "name_menu" on null in /home/a0644240/domains/grola-admin.potok4.ru/public_html/public/views/layouts/header.php on line 69

[2026-02-11 15:57:13] Warning: Attempt to read property "name_menu" on null in /home/a0644240/domains/grola-admin.potok4.ru/public_html/public/views/layouts/header.php on line 69

[2026-02-11 15:57:13] Warning: Attempt to read property "name_menu" on null in /home/a0644240/domains/grola-admin.potok4.ru/public_html/public/views/layouts/header.php on line 69

[2026-02-11 15:57:13] Warning: Attempt to read property "name_menu" on null in /home/a0644240/domains/grola-admin.potok4.ru/public_html/public/views/layouts/header.php on line 69

[2026-02-11 15:57:13] Warning: Attempt to read property "name_menu" on null in /home/a0644240/domains/grola-admin.potok4.ru/public_html/public/views/layouts/header.php on line 69

[2026-02-11 15:57:13] Warning: Attempt to read property "name_menu" on null in /home/a0644240/domains/grola-admin.potok4.ru/public_html/public/views/layouts/header.php on line 69

[2026-02-11 15:57:13] Warning: Attempt to read property "name_menu" on null in /home/a0644240/domains/grola-admin.potok4.ru/public_html/public/views/layouts/header.php on line 69

[2026-02-11 15:57:13] Warning: Attempt to read property "name_menu" on null in /home/a0644240/domains/grola-admin.potok4.ru/public_html/public/views/layouts/header.php on line 69

[2026-02-11 15:57:13] Warning: Attempt to read property "name_menu" on null in /home/a0644240/domains/grola-admin.potok4.ru/public_html/public/views/layouts/header.php on line 69

[2026-02-11 15:57:13] Warning: Attempt to read property "name_menu" on null in /home/a0644240/domains/grola-admin.potok4.ru/public_html/public/views/layouts/header.php on line 69

[2026-02-11 15:57:13] Warning: Attempt to read property "name_menu" on null in /home/a0644240/domains/grola-admin.potok4.ru/public_html/public/views/layouts/header.php on line 69

[2026-02-11 15:57:13] Warning: Attempt to read property "name_menu" on null in /home/a0644240/domains/grola-admin.potok4.ru/public_html/public/views/layouts/header.php on line 69

[2026-02-11 15:57:13] Warning: Attempt to read property "name_menu" on null in /home/a0644240/domains/grola-admin.potok4.ru/public_html/public/views/layouts/header.php on line 69

[2026-02-11 15:57:13] Warning: Attempt to read property "name_menu" on null in /home/a0644240/domains/grola-admin.potok4.ru/public_html/public/views/layouts/header.php on line 69

[2026-02-11 15:57:13] Warning: Attempt to read property "name_menu" on null in /home/a0644240/domains/grola-admin.potok4.ru/public_html/public/views/layouts/header.php on line 69

[2026-02-11 15:57:13] Warning: Attempt to read property "name_menu" on null in /home/a0644240/domains/grola-admin.potok4.ru/public_html/public/views/layouts/header.php on line 69

[2026-02-11 15:57:13] Warning: Attempt to read property "name_menu" on null in /home/a0644240/domains/grola-admin.potok4.ru/public_html/public/views/layouts/header.php on line 69

[2026-02-11 15:57:13] Warning: Attempt to read property "name_menu" on null in /home/a0644240/domains/grola-admin.potok4.ru/public_html/public/views/layouts/header.php on line 69

[2026-02-11 15:57:13] Warning: Attempt to read property "name_menu" on null in /home/a0644240/domains/grola-admin.potok4.ru/public_html/public/views/layouts/header.php on line 69

[2026-02-11 15:57:14] Warning: Attempt to read property "name_menu" on null in /home/a0644240/domains/grola-admin.potok4.ru/public_html/public/views/layouts/header.php on line 69

[2026-02-11 15:57:14] Warning: Attempt to read property "name_menu" on null in /home/a0644240/domains/grola-admin.potok4.ru/public_html/public/views/layouts/header.php on line 69

[2026-02-11 15:57:14] Warning: Attempt to read property "name_menu" on null in /home/a0644240/domains/grola-admin.potok4.ru/public_html/public/views/layouts/header.php on line 69

[2026-02-11 15:57:14] Warning: Attempt to read property "name_menu" on null in /home/a0644240/domains/grola-admin.potok4.ru/public_html/public/views/layouts/header.php on line 69

[2026-02-11 15:57:14] Warning: Attempt to read property "name_menu" on null in /home/a0644240/domains/grola-admin.potok4.ru/public_html/public/views/layouts/header.php on line 69

[2026-02-11 15:57:29] Warning: Attempt to read property "name_menu" on null in /home/a0644240/domains/grola-admin.potok4.ru/public_html/public/views/layouts/header.php on line 69

[2026-02-11 15:57:30] Warning: Attempt to read property "name_menu" on null in /home/a0644240/domains/grola-admin.potok4.ru/public_html/public/views/layouts/header.php on line 69

[2026-02-11 15:57:31] Warning: Attempt to read property "name_menu" on null in /home/a0644240/domains/grola-admin.potok4.ru/public_html/public/views/layouts/header.php on line 69

[2026-02-11 15:57:32] Warning: Attempt to read property "name_menu" on null in /home/a0644240/domains/grola-admin.potok4.ru/public_html/public/views/layouts/header.php on line 69

[2026-02-11 15:57:36] Warning: Attempt to read property "name_menu" on null in /home/a0644240/domains/grola-admin.potok4.ru/public_html/public/views/layouts/header.php on line 69

[2026-02-11 15:57:37] Warning: Attempt to read property "name_menu" on null in /home/a0644240/domains/grola-admin.potok4.ru/public_html/public/views/layouts/header.php on line 69

[2026-02-11 15:57:38] Warning: Attempt to read property "name_menu" on null in /home/a0644240/domains/grola-admin.potok4.ru/public_html/public/views/layouts/header.php on line 69

[2026-02-11 15:57:39] Warning: Attempt to read property "name_menu" on null in /home/a0644240/domains/grola-admin.potok4.ru/public_html/public/views/layouts/header.php on line 69

[2026-02-11 15:57:40] Warning: Attempt to read property "name_menu" on null in /home/a0644240/domains/grola-admin.potok4.ru/public_html/public/views/layouts/header.php on line 69

[2026-02-11 15:57:40] Warning: Attempt to read property "name_menu" on null in /home/a0644240/domains/grola-admin.potok4.ru/public_html/public/views/layouts/header.php on line 69

[2026-02-11 15:57:40] Warning: Attempt to read property "name_menu" on null in /home/a0644240/domains/grola-admin.potok4.ru/public_html/public/views/layouts/header.php on line 69

[2026-02-11 15:57:40] Warning: Attempt to read property "name_menu" on null in /home/a0644240/domains/grola-admin.potok4.ru/public_html/public/views/layouts/header.php on line 69

[2026-02-11 15:57:40] Warning: Attempt to read property "name_menu" on null in /home/a0644240/domains/grola-admin.potok4.ru/public_html/public/views/layouts/header.php on line 69

[2026-02-11 15:57:40] Warning: Attempt to read property "name_menu" on null in /home/a0644240/domains/grola-admin.potok4.ru/public_html/public/views/layouts/header.php on line 69

[2026-02-11 15:57:40] Warning: Attempt to read property "name_menu" on null in /home/a0644240/domains/grola-admin.potok4.ru/public_html/public/views/layouts/header.php on line 69

[2026-02-11 15:57:40] Warning: Attempt to read property "name_menu" on null in /home/a0644240/domains/grola-admin.potok4.ru/public_html/public/views/layouts/header.php on line 69

[2026-02-11 15:57:40] Warning: Attempt to read property "name_menu" on null in /home/a0644240/domains/grola-admin.potok4.ru/public_html/public/views/layouts/header.php on line 69

[2026-02-11 15:57:40] Warning: Attempt to read property "name_menu" on null in /home/a0644240/domains/grola-admin.potok4.ru/public_html/public/views/layouts/header.php on line 69

[2026-02-11 15:57:40] Warning: Attempt to read property "name_menu" on null in /home/a0644240/domains/grola-admin.potok4.ru/public_html/public/views/layouts/header.php on line 69

[2026-02-11 15:57:40] Warning: Attempt to read property "name_menu" on null in /home/a0644240/domains/grola-admin.potok4.ru/public_html/public/views/layouts/header.php on line 69

[2026-02-11 15:57:40] Warning: Attempt to read property "name_menu" on null in /home/a0644240/domains/grola-admin.potok4.ru/public_html/public/views/layouts/header.php on line 69

[2026-02-11 15:57:40] Warning: Attempt to read property "name_menu" on null in /home/a0644240/domains/grola-admin.potok4.ru/public_html/public/views/layouts/header.php on line 69

[2026-02-11 15:57:40] Warning: Attempt to read property "name_menu" on null in /home/a0644240/domains/grola-admin.potok4.ru/public_html/public/views/layouts/header.php on line 69

[2026-02-11 15:57:40] Warning: Attempt to read property "name_menu" on null in /home/a0644240/domains/grola-admin.potok4.ru/public_html/public/views/layouts/header.php on line 69

[2026-02-11 15:57:40] Warning: Attempt to read property "name_menu" on null in /home/a0644240/domains/grola-admin.potok4.ru/public_html/public/views/layouts/header.php on line 69

[2026-02-11 15:57:40] Warning: Attempt to read property "name_menu" on null in /home/a0644240/domains/grola-admin.potok4.ru/public_html/public/views/layouts/header.php on line 69

[2026-02-11 15:57:40] Warning: Attempt to read property "name_menu" on null in /home/a0644240/domains/grola-admin.potok4.ru/public_html/public/views/layouts/header.php on line 69

[2026-02-11 15:57:40] Warning: Attempt to read property "name_menu" on null in /home/a0644240/domains/grola-admin.potok4.ru/public_html/public/views/layouts/header.php on line 69

[2026-02-11 15:57:40] Warning: Attempt to read property "name_menu" on null in /home/a0644240/domains/grola-admin.potok4.ru/public_html/public/views/layouts/header.php on line 69

[2026-02-11 15:57:40] Warning: Attempt to read property "name_menu" on null in /home/a0644240/domains/grola-admin.potok4.ru/public_html/public/views/layouts/header.php on line 69

[2026-02-11 15:57:40] Warning: Attempt to read property "name_menu" on null in /home/a0644240/domains/grola-admin.potok4.ru/public_html/public/views/layouts/header.php on line 69

[2026-02-11 15:57:40] Warning: Attempt to read property "name_menu" on null in /home/a0644240/domains/grola-admin.potok4.ru/public_html/public/views/layouts/header.php on line 69

[2026-02-11 15:57:41] Warning: Attempt to read property "name_menu" on null in /home/a0644240/domains/grola-admin.potok4.ru/public_html/public/views/layouts/header.php on line 69

[2026-02-11 15:57:51] Warning: Attempt to read property "name_menu" on null in /home/a0644240/domains/grola-admin.potok4.ru/public_html/public/views/layouts/header.php on line 69

[2026-02-11 15:57:52] Warning: Attempt to read property "name_menu" on null in /home/a0644240/domains/grola-admin.potok4.ru/public_html/public/views/layouts/header.php on line 69

[2026-02-11 15:58:03] Warning: Attempt to read property "name_menu" on null in /home/a0644240/domains/grola-admin.potok4.ru/public_html/public/views/layouts/header.php on line 69

[2026-02-11 15:58:07] Warning: Attempt to read property "name_menu" on null in /home/a0644240/domains/grola-admin.potok4.ru/public_html/public/views/layouts/header.php on line 69

[2026-02-11 15:58:12] Warning: Attempt to read property "name_menu" on null in /home/a0644240/domains/grola-admin.potok4.ru/public_html/public/views/layouts/header.php on line 69

[2026-02-11 15:58:12] Warning: Attempt to read property "name_menu" on null in /home/a0644240/domains/grola-admin.potok4.ru/public_html/public/views/layouts/header.php on line 69

[2026-02-11 15:58:22] Warning: Attempt to read property "name_menu" on null in /home/a0644240/domains/grola-admin.potok4.ru/public_html/public/views/layouts/header.php on line 69

[2026-02-11 15:58:25] Warning: Attempt to read property "name_menu" on null in /home/a0644240/domains/grola-admin.potok4.ru/public_html/public/views/layouts/header.php on line 69

[2026-02-11 15:58:29] Warning: Attempt to read property "name_menu" on null in /home/a0644240/domains/grola-admin.potok4.ru/public_html/public/views/layouts/header.php on line 69

[2026-02-11 15:58:29] Warning: Attempt to read property "name_menu" on null in /home/a0644240/domains/grola-admin.potok4.ru/public_html/public/views/layouts/header.php on line 69

[2026-02-11 15:58:29] Warning: Attempt to read property "name_menu" on null in /home/a0644240/domains/grola-admin.potok4.ru/public_html/public/views/layouts/header.php on line 69

[2026-02-11 15:58:29] Warning: Attempt to read property "name_menu" on null in /home/a0644240/domains/grola-admin.potok4.ru/public_html/public/views/layouts/header.php on line 69

[2026-02-11 15:58:29] Warning: Attempt to read property "name_menu" on null in /home/a0644240/domains/grola-admin.potok4.ru/public_html/public/views/layouts/header.php on line 69

[2026-02-11 15:58:29] Warning: Attempt to read property "name_menu" on null in /home/a0644240/domains/grola-admin.potok4.ru/public_html/public/views/layouts/header.php on line 69

[2026-02-11 15:58:29] Warning: Attempt to read property "name_menu" on null in /home/a0644240/domains/grola-admin.potok4.ru/public_html/public/views/layouts/header.php on line 69

[2026-02-11 15:58:29] Warning: Attempt to read property "name_menu" on null in /home/a0644240/domains/grola-admin.potok4.ru/public_html/public/views/layouts/header.php on line 69

[2026-02-11 15:58:29] Warning: Attempt to read property "name_menu" on null in /home/a0644240/domains/grola-admin.potok4.ru/public_html/public/views/layouts/header.php on line 69

[2026-02-11 15:58:29] Warning: Attempt to read property "name_menu" on null in /home/a0644240/domains/grola-admin.potok4.ru/public_html/public/views/layouts/header.php on line 69

[2026-02-11 15:58:29] Warning: Attempt to read property "name_menu" on null in /home/a0644240/domains/grola-admin.potok4.ru/public_html/public/views/layouts/header.php on line 69

[2026-02-11 15:58:29] Warning: Attempt to read property "name_menu" on null in /home/a0644240/domains/grola-admin.potok4.ru/public_html/public/views/layouts/header.php on line 69

[2026-02-11 15:58:29] Warning: Attempt to read property "name_menu" on null in /home/a0644240/domains/grola-admin.potok4.ru/public_html/public/views/layouts/header.php on line 69

[2026-02-11 15:58:29] Warning: Attempt to read property "name_menu" on null in /home/a0644240/domains/grola-admin.potok4.ru/public_html/public/views/layouts/header.php on line 69

[2026-02-11 15:58:29] Warning: Attempt to read property "name_menu" on null in /home/a0644240/domains/grola-admin.potok4.ru/public_html/public/views/layouts/header.php on line 69

[2026-02-11 15:58:29] Warning: Attempt to read property "name_menu" on null in /home/a0644240/domains/grola-admin.potok4.ru/public_html/public/views/layouts/header.php on line 69

[2026-02-11 15:58:29] Warning: Attempt to read property "name_menu" on null in /home/a0644240/domains/grola-admin.potok4.ru/public_html/public/views/layouts/header.php on line 69

[2026-02-11 15:58:29] Warning: Attempt to read property "name_menu" on null in /home/a0644240/domains/grola-admin.potok4.ru/public_html/public/views/layouts/header.php on line 69

[2026-02-11 15:58:29] Warning: Attempt to read property "name_menu" on null in /home/a0644240/domains/grola-admin.potok4.ru/public_html/public/views/layouts/header.php on line 69

[2026-02-11 15:58:29] Warning: Attempt to read property "name_menu" on null in /home/a0644240/domains/grola-admin.potok4.ru/public_html/public/views/layouts/header.php on line 69

[2026-02-11 15:58:29] Warning: Attempt to read property "name_menu" on null in /home/a0644240/domains/grola-admin.potok4.ru/public_html/public/views/layouts/header.php on line 69

[2026-02-11 15:58:29] Warning: Attempt to read property "name_menu" on null in /home/a0644240/domains/grola-admin.potok4.ru/public_html/public/views/layouts/header.php on line 69

[2026-02-11 15:58:29] Warning: Attempt to read property "name_menu" on null in /home/a0644240/domains/grola-admin.potok4.ru/public_html/public/views/layouts/header.php on line 69

[2026-02-11 15:58:29] Warning: Attempt to read property "name_menu" on null in /home/a0644240/domains/grola-admin.potok4.ru/public_html/public/views/layouts/header.php on line 69

[2026-02-11 15:58:51] Warning: Attempt to read property "name_menu" on null in /home/a0644240/domains/grola-admin.potok4.ru/public_html/public/views/layouts/header.php on line 69

[2026-02-11 15:58:51] Warning: Attempt to read property "name_menu" on null in /home/a0644240/domains/grola-admin.potok4.ru/public_html/public/views/layouts/header.php on line 69

[2026-02-11 15:58:51] Warning: Attempt to read property "name_menu" on null in /home/a0644240/domains/grola-admin.potok4.ru/public_html/public/views/layouts/header.php on line 69

[2026-02-11 15:58:51] Warning: Attempt to read property "name_menu" on null in /home/a0644240/domains/grola-admin.potok4.ru/public_html/public/views/layouts/header.php on line 69

[2026-02-11 15:58:51] Warning: Attempt to read property "name_menu" on null in /home/a0644240/domains/grola-admin.potok4.ru/public_html/public/views/layouts/header.php on line 69

[2026-02-11 15:58:54] Warning: Attempt to read property "name_menu" on null in /home/a0644240/domains/grola-admin.potok4.ru/public_html/public/views/layouts/header.php on line 69

[2026-02-11 15:58:54] Warning: Attempt to read property "name_menu" on null in /home/a0644240/domains/grola-admin.potok4.ru/public_html/public/views/layouts/header.php on line 69

[2026-02-11 15:58:54] Warning: Attempt to read property "name_menu" on null in /home/a0644240/domains/grola-admin.potok4.ru/public_html/public/views/layouts/header.php on line 69

[2026-02-11 15:58:54] Warning: Attempt to read property "name_menu" on null in /home/a0644240/domains/grola-admin.potok4.ru/public_html/public/views/layouts/header.php on line 69

[2026-02-11 15:58:54] Warning: Attempt to read property "name_menu" on null in /home/a0644240/domains/grola-admin.potok4.ru/public_html/public/views/layouts/header.php on line 69

[2026-02-11 15:58:54] Warning: Attempt to read property "name_menu" on null in /home/a0644240/domains/grola-admin.potok4.ru/public_html/public/views/layouts/header.php on line 69

[2026-02-11 15:58:54] Warning: Attempt to read property "name_menu" on null in /home/a0644240/domains/grola-admin.potok4.ru/public_html/public/views/layouts/header.php on line 69

[2026-02-11 15:58:54] Warning: Attempt to read property "name_menu" on null in /home/a0644240/domains/grola-admin.potok4.ru/public_html/public/views/layouts/header.php on line 69

[2026-02-11 15:58:54] Warning: Attempt to read property "name_menu" on null in /home/a0644240/domains/grola-admin.potok4.ru/public_html/public/views/layouts/header.php on line 69

[2026-02-11 15:58:54] Warning: Attempt to read property "name_menu" on null in /home/a0644240/domains/grola-admin.potok4.ru/public_html/public/views/layouts/header.php on line 69

[2026-02-11 15:58:54] Warning: Attempt to read property "name_menu" on null in /home/a0644240/domains/grola-admin.potok4.ru/public_html/public/views/layouts/header.php on line 69

[2026-02-11 15:58:54] Warning: Attempt to read property "name_menu" on null in /home/a0644240/domains/grola-admin.potok4.ru/public_html/public/views/layouts/header.php on line 69

[2026-02-11 15:58:54] Warning: Attempt to read property "name_menu" on null in /home/a0644240/domains/grola-admin.potok4.ru/public_html/public/views/layouts/header.php on line 69

[2026-02-11 15:58:54] Warning: Attempt to read property "name_menu" on null in /home/a0644240/domains/grola-admin.potok4.ru/public_html/public/views/layouts/header.php on line 69

[2026-02-11 15:58:54] Warning: Attempt to read property "name_menu" on null in /home/a0644240/domains/grola-admin.potok4.ru/public_html/public/views/layouts/header.php on line 69

[2026-02-11 15:58:54] Warning: Attempt to read property "name_menu" on null in /home/a0644240/domains/grola-admin.potok4.ru/public_html/public/views/layouts/header.php on line 69

[2026-02-11 15:58:54] Warning: Attempt to read property "name_menu" on null in /home/a0644240/domains/grola-admin.potok4.ru/public_html/public/views/layouts/header.php on line 69

[2026-02-11 15:58:54] Warning: Attempt to read property "name_menu" on null in /home/a0644240/domains/grola-admin.potok4.ru/public_html/public/views/layouts/header.php on line 69

[2026-02-11 15:58:54] Warning: Attempt to read property "name_menu" on null in /home/a0644240/domains/grola-admin.potok4.ru/public_html/public/views/layouts/header.php on line 69

[2026-02-11 15:58:54] Warning: Attempt to read property "name_menu" on null in /home/a0644240/domains/grola-admin.potok4.ru/public_html/public/views/layouts/header.php on line 69

[2026-02-11 15:58:54] Warning: Attempt to read property "name_menu" on null in /home/a0644240/domains/grola-admin.potok4.ru/public_html/public/views/layouts/header.php on line 69

[2026-02-11 15:58:54] Warning: Attempt to read property "name_menu" on null in /home/a0644240/domains/grola-admin.potok4.ru/public_html/public/views/layouts/header.php on line 69

[2026-02-11 15:58:54] Warning: Attempt to read property "name_menu" on null in /home/a0644240/domains/grola-admin.potok4.ru/public_html/public/views/layouts/header.php on line 69

[2026-02-11 15:58:54] Warning: Attempt to read property "name_menu" on null in /home/a0644240/domains/grola-admin.potok4.ru/public_html/public/views/layouts/header.php on line 69

[2026-02-11 15:58:54] Warning: Attempt to read property "name_menu" on null in /home/a0644240/domains/grola-admin.potok4.ru/public_html/public/views/layouts/header.php on line 69

[2026-02-11 15:58:54] Warning: Attempt to read property "name_menu" on null in /home/a0644240/domains/grola-admin.potok4.ru/public_html/public/views/layouts/header.php on line 69

[2026-02-11 15:58:54] Warning: Attempt to read property "name_menu" on null in /home/a0644240/domains/grola-admin.potok4.ru/public_html/public/views/layouts/header.php on line 69

[2026-02-11 15:58:54] Warning: Attempt to read property "name_menu" on null in /home/a0644240/domains/grola-admin.potok4.ru/public_html/public/views/layouts/header.php on line 69

[2026-02-11 16:01:17] Warning: Attempt to read property "name_menu" on null in /home/a0644240/domains/grola-admin.potok4.ru/public_html/public/views/layouts/header.php on line 69

[2026-02-11 16:01:17] Warning: Attempt to read property "name_menu" on null in /home/a0644240/domains/grola-admin.potok4.ru/public_html/public/views/layouts/header.php on line 69

[2026-02-11 16:01:17] Warning: Attempt to read property "name_menu" on null in /home/a0644240/domains/grola-admin.potok4.ru/public_html/public/views/layouts/header.php on line 69

[2026-02-11 16:01:17] Warning: Attempt to read property "name_menu" on null in /home/a0644240/domains/grola-admin.potok4.ru/public_html/public/views/layouts/header.php on line 69

[2026-02-11 16:01:17] Warning: Attempt to read property "name_menu" on null in /home/a0644240/domains/grola-admin.potok4.ru/public_html/public/views/layouts/header.php on line 69

[2026-02-11 16:01:17] Warning: Attempt to read property "name_menu" on null in /home/a0644240/domains/grola-admin.potok4.ru/public_html/public/views/layouts/header.php on line 69

[2026-02-11 16:01:17] Warning: Attempt to read property "name_menu" on null in /home/a0644240/domains/grola-admin.potok4.ru/public_html/public/views/layouts/header.php on line 69

[2026-02-11 16:01:17] Warning: Attempt to read property "name_menu" on null in /home/a0644240/domains/grola-admin.potok4.ru/public_html/public/views/layouts/header.php on line 69

[2026-02-11 16:01:17] Warning: Attempt to read property "name_menu" on null in /home/a0644240/domains/grola-admin.potok4.ru/public_html/public/views/layouts/header.php on line 69

[2026-02-11 16:01:17] Warning: Attempt to read property "name_menu" on null in /home/a0644240/domains/grola-admin.potok4.ru/public_html/public/views/layouts/header.php on line 69

[2026-02-11 16:01:17] Warning: Attempt to read property "name_menu" on null in /home/a0644240/domains/grola-admin.potok4.ru/public_html/public/views/layouts/header.php on line 69

[2026-02-11 16:01:17] Warning: Attempt to read property "name_menu" on null in /home/a0644240/domains/grola-admin.potok4.ru/public_html/public/views/layouts/header.php on line 69

[2026-02-11 16:01:17] Warning: Attempt to read property "name_menu" on null in /home/a0644240/domains/grola-admin.potok4.ru/public_html/public/views/layouts/header.php on line 69

[2026-02-11 16:01:17] Warning: Attempt to read property "name_menu" on null in /home/a0644240/domains/grola-admin.potok4.ru/public_html/public/views/layouts/header.php on line 69

[2026-02-11 16:01:17] Warning: Attempt to read property "name_menu" on null in /home/a0644240/domains/grola-admin.potok4.ru/public_html/public/views/layouts/header.php on line 69

[2026-02-11 16:01:17] Warning: Attempt to read property "name_menu" on null in /home/a0644240/domains/grola-admin.potok4.ru/public_html/public/views/layouts/header.php on line 69

[2026-02-11 16:01:17] Warning: Attempt to read property "name_menu" on null in /home/a0644240/domains/grola-admin.potok4.ru/public_html/public/views/layouts/header.php on line 69

[2026-02-11 16:01:17] Warning: Attempt to read property "name_menu" on null in /home/a0644240/domains/grola-admin.potok4.ru/public_html/public/views/layouts/header.php on line 69

[2026-02-11 16:01:17] Warning: Attempt to read property "name_menu" on null in /home/a0644240/domains/grola-admin.potok4.ru/public_html/public/views/layouts/header.php on line 69

[2026-02-11 16:01:17] Warning: Attempt to read property "name_menu" on null in /home/a0644240/domains/grola-admin.potok4.ru/public_html/public/views/layouts/header.php on line 69

[2026-02-11 16:01:17] Warning: Attempt to read property "name_menu" on null in /home/a0644240/domains/grola-admin.potok4.ru/public_html/public/views/layouts/header.php on line 69

[2026-02-11 16:01:17] Warning: Attempt to read property "name_menu" on null in /home/a0644240/domains/grola-admin.potok4.ru/public_html/public/views/layouts/header.php on line 69

[2026-02-11 16:01:17] Warning: Attempt to read property "name_menu" on null in /home/a0644240/domains/grola-admin.potok4.ru/public_html/public/views/layouts/header.php on line 69

[2026-02-11 16:01:17] Warning: Attempt to read property "name_menu" on null in /home/a0644240/domains/grola-admin.potok4.ru/public_html/public/views/layouts/header.php on line 69

[2026-02-11 16:01:17] Warning: Attempt to read property "name_menu" on null in /home/a0644240/domains/grola-admin.potok4.ru/public_html/public/views/layouts/header.php on line 69

[2026-02-11 16:01:17] Warning: Attempt to read property "name_menu" on null in /home/a0644240/domains/grola-admin.potok4.ru/public_html/public/views/layouts/header.php on line 69

[2026-02-11 16:01:17] Warning: Attempt to read property "name_menu" on null in /home/a0644240/domains/grola-admin.potok4.ru/public_html/public/views/layouts/header.php on line 69

[2026-02-11 16:01:17] Warning: Attempt to read property "name_menu" on null in /home/a0644240/domains/grola-admin.potok4.ru/public_html/public/views/layouts/header.php on line 69

[2026-02-11 16:01:17] Warning: Attempt to read property "name_menu" on null in /home/a0644240/domains/grola-admin.potok4.ru/public_html/public/views/layouts/header.php on line 69

[2026-02-11 16:01:17] Warning: Attempt to read property "name_menu" on null in /home/a0644240/domains/grola-admin.potok4.ru/public_html/public/views/layouts/header.php on line 69

[2026-02-11 16:01:20] Warning: Attempt to read property "name_menu" on null in /home/a0644240/domains/grola-admin.potok4.ru/public_html/public/views/layouts/header.php on line 69

[2026-02-11 16:01:20] Warning: Attempt to read property "name_menu" on null in /home/a0644240/domains/grola-admin.potok4.ru/public_html/public/views/layouts/header.php on line 69

[2026-02-11 16:01:20] Warning: Attempt to read property "name_menu" on null in /home/a0644240/domains/grola-admin.potok4.ru/public_html/public/views/layouts/header.php on line 69

[2026-02-11 16:01:20] Warning: Attempt to read property "name_menu" on null in /home/a0644240/domains/grola-admin.potok4.ru/public_html/public/views/layouts/header.php on line 69

[2026-02-11 16:01:20] Warning: Attempt to read property "name_menu" on null in /home/a0644240/domains/grola-admin.potok4.ru/public_html/public/views/layouts/header.php on line 69

[2026-02-11 16:01:20] Warning: Attempt to read property "name_menu" on null in /home/a0644240/domains/grola-admin.potok4.ru/public_html/public/views/layouts/header.php on line 69

[2026-02-11 16:01:20] Warning: Attempt to read property "name_menu" on null in /home/a0644240/domains/grola-admin.potok4.ru/public_html/public/views/layouts/header.php on line 69

[2026-02-11 16:01:20] Warning: Attempt to read property "name_menu" on null in /home/a0644240/domains/grola-admin.potok4.ru/public_html/public/views/layouts/header.php on line 69

[2026-02-11 16:01:20] Warning: Attempt to read property "name_menu" on null in /home/a0644240/domains/grola-admin.potok4.ru/public_html/public/views/layouts/header.php on line 69

[2026-02-11 16:01:20] Warning: Attempt to read property "name_menu" on null in /home/a0644240/domains/grola-admin.potok4.ru/public_html/public/views/layouts/header.php on line 69

[2026-02-11 16:01:20] Warning: Attempt to read property "name_menu" on null in /home/a0644240/domains/grola-admin.potok4.ru/public_html/public/views/layouts/header.php on line 69

[2026-02-11 16:01:20] Warning: Attempt to read property "name_menu" on null in /home/a0644240/domains/grola-admin.potok4.ru/public_html/public/views/layouts/header.php on line 69

[2026-02-11 16:01:20] Warning: Attempt to read property "name_menu" on null in /home/a0644240/domains/grola-admin.potok4.ru/public_html/public/views/layouts/header.php on line 69

[2026-02-11 16:01:20] Warning: Attempt to read property "name_menu" on null in /home/a0644240/domains/grola-admin.potok4.ru/public_html/public/views/layouts/header.php on line 69

[2026-02-11 16:01:20] Warning: Attempt to read property "name_menu" on null in /home/a0644240/domains/grola-admin.potok4.ru/public_html/public/views/layouts/header.php on line 69

[2026-02-11 16:01:20] Warning: Attempt to read property "name_menu" on null in /home/a0644240/domains/grola-admin.potok4.ru/public_html/public/views/layouts/header.php on line 69

[2026-02-11 16:01:20] Warning: Attempt to read property "name_menu" on null in /home/a0644240/domains/grola-admin.potok4.ru/public_html/public/views/layouts/header.php on line 69

[2026-02-11 16:01:20] Warning: Attempt to read property "name_menu" on null in /home/a0644240/domains/grola-admin.potok4.ru/public_html/public/views/layouts/header.php on line 69

[2026-02-11 16:01:20] Warning: Attempt to read property "name_menu" on null in /home/a0644240/domains/grola-admin.potok4.ru/public_html/public/views/layouts/header.php on line 69

[2026-02-11 16:01:20] Warning: Attempt to read property "name_menu" on null in /home/a0644240/domains/grola-admin.potok4.ru/public_html/public/views/layouts/header.php on line 69

[2026-02-11 16:01:20] Warning: Attempt to read property "name_menu" on null in /home/a0644240/domains/grola-admin.potok4.ru/public_html/public/views/layouts/header.php on line 69

[2026-02-11 16:01:20] Warning: Attempt to read property "name_menu" on null in /home/a0644240/domains/grola-admin.potok4.ru/public_html/public/views/layouts/header.php on line 69

[2026-02-11 16:01:20] Warning: Attempt to read property "name_menu" on null in /home/a0644240/domains/grola-admin.potok4.ru/public_html/public/views/layouts/header.php on line 69

[2026-02-11 16:01:20] Warning: Attempt to read property "name_menu" on null in /home/a0644240/domains/grola-admin.potok4.ru/public_html/public/views/layouts/header.php on line 69

[2026-02-11 16:01:20] Warning: Attempt to read property "name_menu" on null in /home/a0644240/domains/grola-admin.potok4.ru/public_html/public/views/layouts/header.php on line 69

[2026-02-11 16:01:20] Warning: Attempt to read property "name_menu" on null in /home/a0644240/domains/grola-admin.potok4.ru/public_html/public/views/layouts/header.php on line 69

[2026-02-11 16:01:20] Warning: Attempt to read property "name_menu" on null in /home/a0644240/domains/grola-admin.potok4.ru/public_html/public/views/layouts/header.php on line 69

[2026-02-11 16:01:20] Warning: Attempt to read property "name_menu" on null in /home/a0644240/domains/grola-admin.potok4.ru/public_html/public/views/layouts/header.php on line 69

[2026-02-11 16:01:20] Warning: Attempt to read property "name_menu" on null in /home/a0644240/domains/grola-admin.potok4.ru/public_html/public/views/layouts/header.php on line 69

[2026-02-11 16:01:20] Warning: Attempt to read property "name_menu" on null in /home/a0644240/domains/grola-admin.potok4.ru/public_html/public/views/layouts/header.php on line 69

[2026-02-11 16:01:20] Warning: Attempt to read property "name_menu" on null in /home/a0644240/domains/grola-admin.potok4.ru/public_html/public/views/layouts/header.php on line 69

[2026-02-11 16:01:20] Warning: Attempt to read property "name_menu" on null in /home/a0644240/domains/grola-admin.potok4.ru/public_html/public/views/layouts/header.php on line 69

[2026-02-11 16:01:20] Warning: Attempt to read property "name_menu" on null in /home/a0644240/domains/grola-admin.potok4.ru/public_html/public/views/layouts/header.php on line 69

[2026-02-11 16:01:20] Warning: Attempt to read property "name_menu" on null in /home/a0644240/domains/grola-admin.potok4.ru/public_html/public/views/layouts/header.php on line 69

[2026-02-11 16:01:20] Warning: Attempt to read property "name_menu" on null in /home/a0644240/domains/grola-admin.potok4.ru/public_html/public/views/layouts/header.php on line 69

[2026-02-11 16:01:20] Warning: Attempt to read property "name_menu" on null in /home/a0644240/domains/grola-admin.potok4.ru/public_html/public/views/layouts/header.php on line 69

[2026-02-11 17:45:02] Warning: unlink(/home/a0644240/domains/grola-admin.potok4.ru/public_html/public/src/images/pages/698c908bc7070.jpg): No such file or directory in /home/a0644240/domains/grola-admin.potok4.ru/public_html/app/FileUpload.php on line 367

[2026-02-11 18:55:26] Warning: unlink(/home/a0644240/domains/grola-admin.potok4.ru/public_html/public/src/images/pages/698c7cda43a1c.jpg): No such file or directory in /home/a0644240/domains/grola-admin.potok4.ru/public_html/app/FileUpload.php on line 367

[2026-02-12 09:39:42] Warning: Undefined variable $disabled in /home/a0644240/domains/grola-admin.potok4.ru/public_html/private/views/templates/checkbox.php on line 18

[2026-02-12 09:39:42] Warning: Undefined variable $disabled in /home/a0644240/domains/grola-admin.potok4.ru/public_html/private/views/templates/checkbox.php on line 18

[2026-02-12 09:39:42] Warning: Undefined variable $disabled in /home/a0644240/domains/grola-admin.potok4.ru/public_html/private/views/templates/checkbox.php on line 18

[2026-02-12 09:39:42] Warning: Undefined variable $disabled in /home/a0644240/domains/grola-admin.potok4.ru/public_html/private/views/templates/select.php on line 29

[2026-02-12 09:39:42] Warning: Undefined variable $dbField in /home/a0644240/domains/grola-admin.potok4.ru/public_html/private/views/templates/image.php on line 26

[2026-02-12 09:39:42] Warning: Undefined variable $disabled in /home/a0644240/domains/grola-admin.potok4.ru/public_html/private/views/templates/textarea.php on line 19

[2026-02-12 09:39:42] Warning: Undefined variable $dbField in /home/a0644240/domains/grola-admin.potok4.ru/public_html/private/views/templates/image.php on line 26

[2026-02-12 09:39:42] Warning: Undefined variable $dbField in /home/a0644240/domains/grola-admin.potok4.ru/public_html/private/views/templates/file.php on line 26

[2026-02-12 09:39:42] Warning: Undefined variable $disabled in /home/a0644240/domains/grola-admin.potok4.ru/public_html/private/views/templates/textarea.php on line 19

[2026-02-12 09:39:42] Warning: Undefined variable $disabled in /home/a0644240/domains/grola-admin.potok4.ru/public_html/private/views/templates/textarea.php on line 19

[2026-02-12 09:39:42] Warning: Undefined variable $disabled in /home/a0644240/domains/grola-admin.potok4.ru/public_html/private/views/templates/textarea.php on line 19

[2026-02-12 09:39:42] Warning: Undefined variable $disabled in /home/a0644240/domains/grola-admin.potok4.ru/public_html/private/views/templates/textarea.php on line 19

[2026-02-12 10:55:40] Warning: Undefined variable $title in /home/a0644240/domains/grola-admin.potok4.ru/public_html/private/modules/messengers.php on line 19

[2026-02-12 10:55:40] Warning: Undefined variable $title in /home/a0644240/domains/grola-admin.potok4.ru/public_html/private/modules/messengers.php on line 53

[2026-02-12 10:59:57] Warning: Undefined variable $title in /home/a0644240/domains/grola-admin.potok4.ru/public_html/private/modules/messengers.php on line 19

[2026-02-12 10:59:57] Warning: Undefined variable $title in /home/a0644240/domains/grola-admin.potok4.ru/public_html/private/modules/messengers.php on line 53

[2026-02-12 10:59:58] Warning: Undefined variable $title in /home/a0644240/domains/grola-admin.potok4.ru/public_html/private/modules/messengers.php on line 19

[2026-02-12 10:59:58] Warning: Undefined variable $title in /home/a0644240/domains/grola-admin.potok4.ru/public_html/private/modules/messengers.php on line 53

